{"/home/travis/build/npmtest/node-npmtest-showtimes/test.js":{"path":"/home/travis/build/npmtest/node-npmtest-showtimes/test.js","s":{"1":2,"2":2,"3":2,"4":2,"5":2,"6":2,"7":2,"8":1,"9":2,"10":2,"11":1,"12":1,"13":1,"14":1,"15":2,"16":2,"17":2,"18":2,"19":1,"20":1,"21":2,"22":2,"23":2,"24":1,"25":1,"26":1,"27":1,"28":1,"29":1,"30":1,"31":1,"32":1,"33":1,"34":1,"35":1,"36":1,"37":1,"38":1,"39":2,"40":2,"41":1,"42":2,"43":2,"44":1,"45":2,"46":2,"47":1,"48":2,"49":2,"50":1,"51":1,"52":1,"53":1,"54":1},"b":{"1":[2,1,1,1],"2":[1,1,1,1],"3":[1,1],"4":[1,1],"5":[1,1],"6":[1,1],"7":[1,1],"8":[1,1],"9":[1,1],"10":[1,1,1],"11":[1,1],"12":[1,1],"13":[1,1],"14":[1,1],"15":[1,1],"16":[1,1],"17":[1,1]},"f":{"1":2,"2":2,"3":2,"4":2,"5":2,"6":1,"7":1,"8":1,"9":2,"10":2,"11":2,"12":2,"13":1},"fnMap":{"1":{"name":"(anonymous_1)","line":12,"loc":{"start":{"line":12,"column":1},"end":{"line":12,"column":13}}},"2":{"name":"(anonymous_2)","line":19,"loc":{"start":{"line":19,"column":5},"end":{"line":19,"column":17}}},"3":{"name":"(anonymous_3)","line":23,"loc":{"start":{"line":23,"column":24},"end":{"line":23,"column":36}}},"4":{"name":"(anonymous_4)","line":61,"loc":{"start":{"line":61,"column":5},"end":{"line":61,"column":17}}},"5":{"name":"(anonymous_5)","line":82,"loc":{"start":{"line":82,"column":5},"end":{"line":82,"column":17}}},"6":{"name":"(anonymous_6)","line":91,"loc":{"start":{"line":91,"column":77},"end":{"line":94,"column":10}}},"7":{"name":"(anonymous_7)","line":112,"loc":{"start":{"line":112,"column":83},"end":{"line":115,"column":10}},"skip":true},"8":{"name":"(anonymous_8)","line":123,"loc":{"start":{"line":123,"column":77},"end":{"line":126,"column":10}},"skip":true},"9":{"name":"(anonymous_9)","line":139,"loc":{"start":{"line":139,"column":12},"end":{"line":139,"column":40}},"skip":true},"10":{"name":"(anonymous_10)","line":147,"loc":{"start":{"line":147,"column":77},"end":{"line":150,"column":10}},"skip":true},"11":{"name":"(anonymous_11)","line":158,"loc":{"start":{"line":158,"column":83},"end":{"line":161,"column":10}},"skip":true},"12":{"name":"(anonymous_12)","line":169,"loc":{"start":{"line":169,"column":79},"end":{"line":172,"column":10}},"skip":true},"13":{"name":"(anonymous_13)","line":180,"loc":{"start":{"line":180,"column":75},"end":{"line":183,"column":10}},"skip":true}},"statementMap":{"1":{"start":{"line":12,"column":0},"end":{"line":195,"column":5}},"2":{"start":{"line":14,"column":4},"end":{"line":14,"column":14}},"3":{"start":{"line":19,"column":4},"end":{"line":56,"column":9}},"4":{"start":{"line":21,"column":8},"end":{"line":21,"column":19}},"5":{"start":{"line":23,"column":8},"end":{"line":35,"column":13}},"6":{"start":{"line":24,"column":12},"end":{"line":34,"column":13}},"7":{"start":{"line":25,"column":16},"end":{"line":28,"column":30}},"8":{"start":{"line":30,"column":16},"end":{"line":33,"column":27}},"9":{"start":{"line":37,"column":8},"end":{"line":39,"column":21}},"10":{"start":{"line":40,"column":8},"end":{"line":53,"column":9}},"11":{"start":{"line":43,"column":12},"end":{"line":46,"column":14}},"12":{"start":{"line":47,"column":12},"end":{"line":47,"column":18}},"13":{"start":{"line":50,"column":12},"end":{"line":51,"column":33}},"14":{"start":{"line":52,"column":12},"end":{"line":52,"column":18}},"15":{"start":{"line":55,"column":8},"end":{"line":55,"column":35}},"16":{"start":{"line":61,"column":4},"end":{"line":63,"column":9}},"17":{"start":{"line":62,"column":8},"end":{"line":62,"column":15}},"18":{"start":{"line":64,"column":4},"end":{"line":77,"column":5}},"19":{"start":{"line":70,"column":8},"end":{"line":70,"column":14}},"20":{"start":{"line":76,"column":8},"end":{"line":76,"column":14}},"21":{"start":{"line":82,"column":4},"end":{"line":84,"column":9}},"22":{"start":{"line":83,"column":8},"end":{"line":83,"column":15}},"23":{"start":{"line":85,"column":4},"end":{"line":194,"column":5}},"24":{"start":{"line":91,"column":8},"end":{"line":99,"column":10}},"25":{"start":{"line":98,"column":12},"end":{"line":98,"column":35}},"26":{"start":{"line":102,"column":8},"end":{"line":104,"column":63}},"27":{"start":{"line":105,"column":8},"end":{"line":105,"column":14}},"28":{"start":{"line":112,"column":8},"end":{"line":121,"column":10},"skip":true},"29":{"start":{"line":119,"column":12},"end":{"line":119,"column":55},"skip":true},"30":{"start":{"line":120,"column":12},"end":{"line":120,"column":48},"skip":true},"31":{"start":{"line":123,"column":8},"end":{"line":136,"column":10},"skip":true},"32":{"start":{"line":130,"column":12},"end":{"line":130,"column":76},"skip":true},"33":{"start":{"line":131,"column":12},"end":{"line":131,"column":73},"skip":true},"34":{"start":{"line":132,"column":12},"end":{"line":132,"column":74},"skip":true},"35":{"start":{"line":133,"column":12},"end":{"line":133,"column":79},"skip":true},"36":{"start":{"line":134,"column":12},"end":{"line":134,"column":25},"skip":true},"37":{"start":{"line":135,"column":12},"end":{"line":135,"column":45},"skip":true},"38":{"start":{"line":138,"column":8},"end":{"line":145,"column":14},"skip":true},"39":{"start":{"line":143,"column":16},"end":{"line":143,"column":29},"skip":true},"40":{"start":{"line":144,"column":16},"end":{"line":144,"column":55},"skip":true},"41":{"start":{"line":147,"column":8},"end":{"line":156,"column":10},"skip":true},"42":{"start":{"line":154,"column":12},"end":{"line":154,"column":25},"skip":true},"43":{"start":{"line":155,"column":12},"end":{"line":155,"column":45},"skip":true},"44":{"start":{"line":158,"column":8},"end":{"line":167,"column":10},"skip":true},"45":{"start":{"line":165,"column":12},"end":{"line":165,"column":25},"skip":true},"46":{"start":{"line":166,"column":12},"end":{"line":166,"column":48},"skip":true},"47":{"start":{"line":169,"column":8},"end":{"line":178,"column":10},"skip":true},"48":{"start":{"line":176,"column":12},"end":{"line":176,"column":25},"skip":true},"49":{"start":{"line":177,"column":12},"end":{"line":177,"column":46},"skip":true},"50":{"start":{"line":180,"column":8},"end":{"line":189,"column":10},"skip":true},"51":{"start":{"line":187,"column":12},"end":{"line":187,"column":94},"skip":true},"52":{"start":{"line":188,"column":12},"end":{"line":188,"column":48},"skip":true},"53":{"start":{"line":192,"column":8},"end":{"line":192,"column":35},"skip":true},"54":{"start":{"line":193,"column":8},"end":{"line":193,"column":14},"skip":true}},"branchMap":{"1":{"line":25,"type":"binary-expr","locations":[{"start":{"line":25,"column":23},"end":{"line":25,"column":62}},{"start":{"line":26,"column":20},"end":{"line":26,"column":70}},{"start":{"line":27,"column":20},"end":{"line":27,"column":71}},{"start":{"line":28,"column":20},"end":{"line":28,"column":29}}]},"2":{"line":30,"type":"binary-expr","locations":[{"start":{"line":30,"column":23},"end":{"line":30,"column":37}},{"start":{"line":31,"column":20},"end":{"line":31,"column":61}},{"start":{"line":32,"column":20},"end":{"line":32,"column":70}},{"start":{"line":33,"column":20},"end":{"line":33,"column":26}}]},"3":{"line":37,"type":"cond-expr","locations":[{"start":{"line":38,"column":14},"end":{"line":38,"column":20}},{"start":{"line":39,"column":14},"end":{"line":39,"column":20}}]},"4":{"line":40,"type":"switch","locations":[{"start":{"line":42,"column":8},"end":{"line":47,"column":18}},{"start":{"line":49,"column":8},"end":{"line":52,"column":18}}]},"5":{"line":44,"type":"binary-expr","locations":[{"start":{"line":44,"column":16},"end":{"line":44,"column":44}},{"start":{"line":44,"column":48},"end":{"line":44,"column":66}}]},"6":{"line":50,"type":"binary-expr","locations":[{"start":{"line":50,"column":21},"end":{"line":50,"column":49}},{"start":{"line":50,"column":53},"end":{"line":50,"column":72}}]},"7":{"line":64,"type":"switch","locations":[{"start":{"line":69,"column":4},"end":{"line":70,"column":14}},{"start":{"line":75,"column":4},"end":{"line":76,"column":14}}]},"8":{"line":85,"type":"switch","locations":[{"start":{"line":90,"column":4},"end":{"line":105,"column":14}},{"start":{"line":111,"column":4},"end":{"line":193,"column":14},"skip":true}]},"9":{"line":91,"type":"binary-expr","locations":[{"start":{"line":91,"column":42},"end":{"line":91,"column":73}},{"start":{"line":91,"column":77},"end":{"line":99,"column":9}}]},"10":{"line":102,"type":"binary-expr","locations":[{"start":{"line":102,"column":18},"end":{"line":102,"column":32}},{"start":{"line":103,"column":12},"end":{"line":103,"column":53}},{"start":{"line":104,"column":12},"end":{"line":104,"column":61}}]},"11":{"line":112,"type":"binary-expr","locations":[{"start":{"line":112,"column":45},"end":{"line":112,"column":79},"skip":true},{"start":{"line":112,"column":83},"end":{"line":121,"column":9},"skip":true}]},"12":{"line":123,"type":"binary-expr","locations":[{"start":{"line":123,"column":42},"end":{"line":123,"column":73},"skip":true},{"start":{"line":123,"column":77},"end":{"line":136,"column":9},"skip":true}]},"13":{"line":138,"type":"binary-expr","locations":[{"start":{"line":138,"column":48},"end":{"line":138,"column":85},"skip":true},{"start":{"line":139,"column":12},"end":{"line":145,"column":13},"skip":true}]},"14":{"line":147,"type":"binary-expr","locations":[{"start":{"line":147,"column":42},"end":{"line":147,"column":73},"skip":true},{"start":{"line":147,"column":77},"end":{"line":156,"column":9},"skip":true}]},"15":{"line":158,"type":"binary-expr","locations":[{"start":{"line":158,"column":45},"end":{"line":158,"column":79},"skip":true},{"start":{"line":158,"column":83},"end":{"line":167,"column":9},"skip":true}]},"16":{"line":169,"type":"binary-expr","locations":[{"start":{"line":169,"column":43},"end":{"line":169,"column":75},"skip":true},{"start":{"line":169,"column":79},"end":{"line":178,"column":9},"skip":true}]},"17":{"line":180,"type":"binary-expr","locations":[{"start":{"line":180,"column":41},"end":{"line":180,"column":71},"skip":true},{"start":{"line":180,"column":75},"end":{"line":189,"column":9},"skip":true}]}},"code":["/* istanbul instrument in package npmtest_showtimes */","/*jslint","    bitwise: true,","    browser: true,","    maxerr: 8,","    maxlen: 96,","    node: true,","    nomen: true,","    regexp: true,","    stupid: true","*/","(function () {","    'use strict';","    var local;","","","","    // run shared js-env code - pre-init","    (function () {","        // init local","        local = {};","        // init modeJs","        local.modeJs = (function () {","            try {","                return typeof navigator.userAgent === 'string' &&","                    typeof document.querySelector('body') === 'object' &&","                    typeof XMLHttpRequest.prototype.open === 'function' &&","                    'browser';","            } catch (errorCaughtBrowser) {","                return module.exports &&","                    typeof process.versions.node === 'string' &&","                    typeof require('http').createServer === 'function' &&","                    'node';","            }","        }());","        // init global","        local.global = local.modeJs === 'browser'","            ? window","            : global;","        switch (local.modeJs) {","        // re-init local from window.local","        case 'browser':","            local = local.global.utility2.objectSetDefault(","                local.global.utility2_rollup || local.global.local,","                local.global.utility2","            );","            break;","        // re-init local from example.js","        case 'node':","            local = (local.global.utility2_rollup || require('utility2'))","                .requireReadme();","            break;","        }","        // export local","        local.global.local = local;","    }());","","","","    // run shared js-env code - function","    (function () {","        return;","    }());","    switch (local.modeJs) {","","","","    // run browser js-env code - function","    case 'browser':","        break;","","","","    // run node js-env code - function","    case 'node':","        break;","    }","","","","    // run shared js-env code - post-init","    (function () {","        return;","    }());","    switch (local.modeJs) {","","","","    // run browser js-env code - post-init","    case 'browser':","        local.testCase_browser_nullCase = local.testCase_browser_nullCase || function (","            options,","            onError","        ) {","        /*","         * this function will test browsers's null-case handling-behavior-behavior","         */","            onError(null, options);","        };","","        // run tests","        local.nop(local.modeTest &&","            document.querySelector('#testRunButton1') &&","            document.querySelector('#testRunButton1').click());","        break;","","","","    // run node js-env code - post-init","    /* istanbul ignore next */","    case 'node':","        local.testCase_buildApidoc_default = local.testCase_buildApidoc_default || function (","            options,","            onError","        ) {","        /*","         * this function will test buildApidoc's default handling-behavior-behavior","         */","            options = { modulePathList: module.paths };","            local.buildApidoc(options, onError);","        };","","        local.testCase_buildApp_default = local.testCase_buildApp_default || function (","            options,","            onError","        ) {","        /*","         * this function will test buildApp's default handling-behavior-behavior","         */","            local.testCase_buildReadme_default(options, local.onErrorThrow);","            local.testCase_buildLib_default(options, local.onErrorThrow);","            local.testCase_buildTest_default(options, local.onErrorThrow);","            local.testCase_buildCustomOrg_default(options, local.onErrorThrow);","            options = [];","            local.buildApp(options, onError);","        };","","        local.testCase_buildCustomOrg_default = local.testCase_buildCustomOrg_default ||","            function (options, onError) {","            /*","             * this function will test buildCustomOrg's default handling-behavior","             */","                options = {};","                local.buildCustomOrg(options, onError);","            };","","        local.testCase_buildLib_default = local.testCase_buildLib_default || function (","            options,","            onError","        ) {","        /*","         * this function will test buildLib's default handling-behavior","         */","            options = {};","            local.buildLib(options, onError);","        };","","        local.testCase_buildReadme_default = local.testCase_buildReadme_default || function (","            options,","            onError","        ) {","        /*","         * this function will test buildReadme's default handling-behavior-behavior","         */","            options = {};","            local.buildReadme(options, onError);","        };","","        local.testCase_buildTest_default = local.testCase_buildTest_default || function (","            options,","            onError","        ) {","        /*","         * this function will test buildTest's default handling-behavior","         */","            options = {};","            local.buildTest(options, onError);","        };","","        local.testCase_webpage_default = local.testCase_webpage_default || function (","            options,","            onError","        ) {","        /*","         * this function will test webpage's default handling-behavior","         */","            options = { modeCoverageMerge: true, url: local.serverLocalHost + '?modeTest=1' };","            local.browserTest(options, onError);","        };","","        // run test-server","        local.testRunServer(local);","        break;","    }","}());",""],"l":{"12":2,"14":2,"19":2,"21":2,"23":2,"24":2,"25":2,"30":1,"37":2,"40":2,"43":1,"47":1,"50":1,"52":1,"55":2,"61":2,"62":2,"64":2,"70":1,"76":1,"82":2,"83":2,"85":2,"91":1,"98":1,"102":1,"105":1,"112":1,"119":1,"120":1,"123":1,"130":1,"131":1,"132":1,"133":1,"134":1,"135":1,"138":1,"143":2,"144":2,"147":1,"154":2,"155":2,"158":1,"165":2,"166":2,"169":1,"176":2,"177":2,"180":1,"187":1,"188":1,"192":1,"193":1}},"/home/travis/build/npmtest/node-npmtest-showtimes/lib.npmtest_showtimes.js":{"path":"/home/travis/build/npmtest/node-npmtest-showtimes/lib.npmtest_showtimes.js","s":{"1":2,"2":2,"3":2,"4":2,"5":2,"6":2,"7":2,"8":1,"9":2,"10":2,"11":2,"12":2,"13":1,"14":1,"15":1,"16":1},"b":{"1":[2,1,1,1],"2":[1,1,1,1],"3":[1,1],"4":[2,2],"5":[1,1]},"f":{"1":2,"2":2,"3":2},"fnMap":{"1":{"name":"(anonymous_1)","line":12,"loc":{"start":{"line":12,"column":1},"end":{"line":12,"column":13}}},"2":{"name":"(anonymous_2)","line":19,"loc":{"start":{"line":19,"column":5},"end":{"line":19,"column":17}}},"3":{"name":"(anonymous_3)","line":23,"loc":{"start":{"line":23,"column":24},"end":{"line":23,"column":36}}}},"statementMap":{"1":{"start":{"line":12,"column":0},"end":{"line":53,"column":5}},"2":{"start":{"line":14,"column":4},"end":{"line":14,"column":14}},"3":{"start":{"line":19,"column":4},"end":{"line":52,"column":9}},"4":{"start":{"line":21,"column":8},"end":{"line":21,"column":19}},"5":{"start":{"line":23,"column":8},"end":{"line":35,"column":13}},"6":{"start":{"line":24,"column":12},"end":{"line":34,"column":13}},"7":{"start":{"line":25,"column":16},"end":{"line":28,"column":30}},"8":{"start":{"line":30,"column":16},"end":{"line":33,"column":27}},"9":{"start":{"line":37,"column":8},"end":{"line":39,"column":21}},"10":{"start":{"line":41,"column":8},"end":{"line":41,"column":54}},"11":{"start":{"line":43,"column":8},"end":{"line":43,"column":54}},"12":{"start":{"line":45,"column":8},"end":{"line":51,"column":9}},"13":{"start":{"line":46,"column":12},"end":{"line":46,"column":60}},"14":{"start":{"line":48,"column":12},"end":{"line":48,"column":35}},"15":{"start":{"line":49,"column":12},"end":{"line":49,"column":49}},"16":{"start":{"line":50,"column":12},"end":{"line":50,"column":43}}},"branchMap":{"1":{"line":25,"type":"binary-expr","locations":[{"start":{"line":25,"column":23},"end":{"line":25,"column":62}},{"start":{"line":26,"column":20},"end":{"line":26,"column":70}},{"start":{"line":27,"column":20},"end":{"line":27,"column":71}},{"start":{"line":28,"column":20},"end":{"line":28,"column":29}}]},"2":{"line":30,"type":"binary-expr","locations":[{"start":{"line":30,"column":23},"end":{"line":30,"column":37}},{"start":{"line":31,"column":20},"end":{"line":31,"column":61}},{"start":{"line":32,"column":20},"end":{"line":32,"column":70}},{"start":{"line":33,"column":20},"end":{"line":33,"column":26}}]},"3":{"line":37,"type":"cond-expr","locations":[{"start":{"line":38,"column":14},"end":{"line":38,"column":20}},{"start":{"line":39,"column":14},"end":{"line":39,"column":20}}]},"4":{"line":41,"type":"binary-expr","locations":[{"start":{"line":41,"column":16},"end":{"line":41,"column":44}},{"start":{"line":41,"column":48},"end":{"line":41,"column":53}}]},"5":{"line":45,"type":"if","locations":[{"start":{"line":45,"column":8},"end":{"line":45,"column":8}},{"start":{"line":45,"column":8},"end":{"line":45,"column":8}}]}},"code":["/* istanbul instrument in package npmtest_showtimes */","/*jslint","    bitwise: true,","    browser: true,","    maxerr: 8,","    maxlen: 96,","    node: true,","    nomen: true,","    regexp: true,","    stupid: true","*/","(function () {","    'use strict';","    var local;","","","","    // run shared js-env code - pre-init","    (function () {","        // init local","        local = {};","        // init modeJs","        local.modeJs = (function () {","            try {","                return typeof navigator.userAgent === 'string' &&","                    typeof document.querySelector('body') === 'object' &&","                    typeof XMLHttpRequest.prototype.open === 'function' &&","                    'browser';","            } catch (errorCaughtBrowser) {","                return module.exports &&","                    typeof process.versions.node === 'string' &&","                    typeof require('http').createServer === 'function' &&","                    'node';","            }","        }());","        // init global","        local.global = local.modeJs === 'browser'","            ? window","            : global;","        // init utility2_rollup","        local = local.global.utility2_rollup || local;","        // init lib","        local.local = local.npmtest_showtimes = local;","        // init exports","        if (local.modeJs === 'browser') {","            local.global.utility2_npmtest_showtimes = local;","        } else {","            module.exports = local;","            module.exports.__dirname = __dirname;","            module.exports.module = module;","        }","    }());","}());",""],"l":{"12":2,"14":2,"19":2,"21":2,"23":2,"24":2,"25":2,"30":1,"37":2,"41":2,"43":2,"45":2,"46":1,"48":1,"49":1,"50":1}},"/home/travis/build/npmtest/node-npmtest-showtimes/example.js":{"path":"/home/travis/build/npmtest/node-npmtest-showtimes/example.js","s":{"1":2,"2":2,"3":2,"4":2,"5":2,"6":2,"7":2,"8":1,"9":2,"10":2,"11":2,"12":2,"13":1,"14":2,"15":2,"16":2,"17":2,"18":2,"19":0,"20":2,"21":1,"22":1,"23":1,"24":1,"25":1,"26":0,"27":0,"28":1,"29":1,"30":2,"31":0,"32":0,"33":0,"34":1,"35":2,"36":2,"37":3,"38":3,"39":3,"40":3,"41":0,"42":3,"43":3,"44":3,"45":1,"46":3,"47":1,"48":1,"49":1,"50":1,"51":1,"52":1,"53":1,"54":1,"55":1,"56":1,"57":0,"58":1,"59":6,"60":6,"61":1,"62":2,"63":0,"64":2,"65":1,"66":1,"67":0,"68":0,"69":0,"70":0,"71":0,"72":0,"73":0,"74":0,"75":0,"76":0,"77":0,"78":0,"79":0,"80":0,"81":0,"82":0,"83":0},"b":{"1":[2,1,1,1],"2":[1,1,1,1],"3":[1,1],"4":[2,2],"5":[1,1],"6":[1,1],"7":[2,0],"8":[2,1,1,1,1,1],"9":[0,2,0],"10":[1,1],"11":[2,1,1],"12":[1,0],"13":[0,2],"14":[2,0,0,0,0,0,0],"15":[0,3],"16":[3,0],"17":[1,1],"18":[0,1],"19":[1,2,0,2],"20":[1,0],"21":[1,1],"22":[0,0],"23":[0,0],"24":[0,0],"25":[0,0],"26":[0,0],"27":[0,0],"28":[0,0]},"f":{"1":2,"2":2,"3":2,"4":2,"5":2,"6":2,"7":3,"8":3,"9":3,"10":1,"11":6,"12":0},"fnMap":{"1":{"name":"(anonymous_1)","line":26,"loc":{"start":{"line":26,"column":1},"end":{"line":26,"column":13}}},"2":{"name":"(anonymous_2)","line":33,"loc":{"start":{"line":33,"column":5},"end":{"line":33,"column":17}}},"3":{"name":"(anonymous_3)","line":37,"loc":{"start":{"line":37,"column":24},"end":{"line":37,"column":36}}},"4":{"name":"(anonymous_4)","line":69,"loc":{"start":{"line":69,"column":31},"end":{"line":69,"column":48}},"skip":true},"5":{"name":"(anonymous_5)","line":78,"loc":{"start":{"line":78,"column":26},"end":{"line":78,"column":45}},"skip":true},"6":{"name":"(anonymous_6)","line":123,"loc":{"start":{"line":123,"column":33},"end":{"line":123,"column":48}},"skip":true},"7":{"name":"(anonymous_7)","line":125,"loc":{"start":{"line":125,"column":27},"end":{"line":125,"column":39}},"skip":true},"8":{"name":"(anonymous_8)","line":133,"loc":{"start":{"line":133,"column":59},"end":{"line":133,"column":74}},"skip":true},"9":{"name":"(anonymous_9)","line":143,"loc":{"start":{"line":143,"column":45},"end":{"line":143,"column":62}},"skip":true},"10":{"name":"(anonymous_10)","line":144,"loc":{"start":{"line":144,"column":73},"end":{"line":144,"column":92}},"skip":true},"11":{"name":"(anonymous_11)","line":272,"loc":{"start":{"line":272,"column":51},"end":{"line":272,"column":77}},"skip":true},"12":{"name":"(anonymous_12)","line":315,"loc":{"start":{"line":315,"column":32},"end":{"line":315,"column":61}},"skip":true}},"statementMap":{"1":{"start":{"line":26,"column":0},"end":{"line":326,"column":5}},"2":{"start":{"line":28,"column":4},"end":{"line":28,"column":14}},"3":{"start":{"line":33,"column":4},"end":{"line":60,"column":9}},"4":{"start":{"line":35,"column":8},"end":{"line":35,"column":19}},"5":{"start":{"line":37,"column":8},"end":{"line":49,"column":13}},"6":{"start":{"line":38,"column":12},"end":{"line":48,"column":13}},"7":{"start":{"line":39,"column":16},"end":{"line":42,"column":30}},"8":{"start":{"line":44,"column":16},"end":{"line":47,"column":27}},"9":{"start":{"line":51,"column":8},"end":{"line":53,"column":21}},"10":{"start":{"line":55,"column":8},"end":{"line":57,"column":45}},"11":{"start":{"line":59,"column":8},"end":{"line":59,"column":35}},"12":{"start":{"line":61,"column":4},"end":{"line":325,"column":5}},"13":{"start":{"line":69,"column":8},"end":{"line":121,"column":10},"skip":true},"14":{"start":{"line":70,"column":12},"end":{"line":88,"column":13},"skip":true},"15":{"start":{"line":76,"column":16},"end":{"line":87,"column":19},"skip":true},"16":{"start":{"line":79,"column":20},"end":{"line":86,"column":21},"skip":true},"17":{"start":{"line":82,"column":24},"end":{"line":82,"column":43},"skip":true},"18":{"start":{"line":83,"column":24},"end":{"line":83,"column":30},"skip":true},"19":{"start":{"line":85,"column":24},"end":{"line":85,"column":49},"skip":true},"20":{"start":{"line":89,"column":12},"end":{"line":107,"column":13},"skip":true},"21":{"start":{"line":92,"column":16},"end":{"line":102,"column":17},"skip":true},"22":{"start":{"line":93,"column":20},"end":{"line":93,"column":86},"skip":true},"23":{"start":{"line":94,"column":20},"end":{"line":95,"column":45},"skip":true},"24":{"start":{"line":96,"column":20},"end":{"line":96,"column":42},"skip":true},"25":{"start":{"line":97,"column":20},"end":{"line":97,"column":48},"skip":true},"26":{"start":{"line":100,"column":20},"end":{"line":100,"column":85},"skip":true},"27":{"start":{"line":101,"column":20},"end":{"line":101,"column":96},"skip":true},"28":{"start":{"line":103,"column":16},"end":{"line":103,"column":22},"skip":true},"29":{"start":{"line":106,"column":16},"end":{"line":106,"column":22},"skip":true},"30":{"start":{"line":108,"column":12},"end":{"line":120,"column":13},"skip":true},"31":{"start":{"line":114,"column":16},"end":{"line":119,"column":17},"skip":true},"32":{"start":{"line":116,"column":20},"end":{"line":116,"column":78},"skip":true},"33":{"start":{"line":118,"column":20},"end":{"line":118,"column":47},"skip":true},"34":{"start":{"line":123,"column":8},"end":{"line":141,"column":11},"skip":true},"35":{"start":{"line":124,"column":12},"end":{"line":124,"column":54},"skip":true},"36":{"start":{"line":125,"column":12},"end":{"line":140,"column":14},"skip":true},"37":{"start":{"line":126,"column":16},"end":{"line":126,"column":28},"skip":true},"38":{"start":{"line":127,"column":16},"end":{"line":127,"column":69},"skip":true},"39":{"start":{"line":128,"column":16},"end":{"line":128,"column":75},"skip":true},"40":{"start":{"line":129,"column":16},"end":{"line":131,"column":17},"skip":true},"41":{"start":{"line":130,"column":20},"end":{"line":130,"column":27},"skip":true},"42":{"start":{"line":133,"column":16},"end":{"line":137,"column":36},"skip":true},"43":{"start":{"line":134,"column":20},"end":{"line":136,"column":55},"skip":true},"44":{"start":{"line":139,"column":16},"end":{"line":139,"column":57},"skip":true},"45":{"start":{"line":143,"column":8},"end":{"line":147,"column":11},"skip":true},"46":{"start":{"line":144,"column":12},"end":{"line":146,"column":15},"skip":true},"47":{"start":{"line":145,"column":16},"end":{"line":145,"column":70},"skip":true},"48":{"start":{"line":149,"column":8},"end":{"line":149,"column":31},"skip":true},"49":{"start":{"line":150,"column":8},"end":{"line":150,"column":14},"skip":true},"50":{"start":{"line":158,"column":8},"end":{"line":158,"column":31},"skip":true},"51":{"start":{"line":160,"column":8},"end":{"line":160,"column":33},"skip":true},"52":{"start":{"line":161,"column":8},"end":{"line":161,"column":37},"skip":true},"53":{"start":{"line":162,"column":8},"end":{"line":162,"column":35},"skip":true},"54":{"start":{"line":164,"column":8},"end":{"line":164,"column":50},"skip":true},"55":{"start":{"line":166,"column":8},"end":{"line":256,"column":2},"skip":true},"56":{"start":{"line":258,"column":8},"end":{"line":286,"column":9},"skip":true},"57":{"start":{"line":259,"column":12},"end":{"line":269,"column":14},"skip":true},"58":{"start":{"line":271,"column":12},"end":{"line":285,"column":19},"skip":true},"59":{"start":{"line":274,"column":20},"end":{"line":274,"column":35},"skip":true},"60":{"start":{"line":275,"column":20},"end":{"line":284,"column":21},"skip":true},"61":{"start":{"line":277,"column":24},"end":{"line":277,"column":64},"skip":true},"62":{"start":{"line":279,"column":24},"end":{"line":279,"column":40},"skip":true},"63":{"start":{"line":281,"column":24},"end":{"line":281,"column":40},"skip":true},"64":{"start":{"line":283,"column":24},"end":{"line":283,"column":39},"skip":true},"65":{"start":{"line":288,"column":8},"end":{"line":290,"column":9},"skip":true},"66":{"start":{"line":289,"column":12},"end":{"line":289,"column":18},"skip":true},"67":{"start":{"line":291,"column":8},"end":{"line":293,"column":54},"skip":true},"68":{"start":{"line":296,"column":8},"end":{"line":301,"column":37},"skip":true},"69":{"start":{"line":303,"column":8},"end":{"line":303,"column":82},"skip":true},"70":{"start":{"line":306,"column":8},"end":{"line":308,"column":9},"skip":true},"71":{"start":{"line":307,"column":12},"end":{"line":307,"column":82},"skip":true},"72":{"start":{"line":310,"column":8},"end":{"line":312,"column":9},"skip":true},"73":{"start":{"line":311,"column":12},"end":{"line":311,"column":18},"skip":true},"74":{"start":{"line":313,"column":8},"end":{"line":313,"column":54},"skip":true},"75":{"start":{"line":314,"column":8},"end":{"line":314,"column":69},"skip":true},"76":{"start":{"line":315,"column":8},"end":{"line":323,"column":36},"skip":true},"77":{"start":{"line":316,"column":12},"end":{"line":316,"column":61},"skip":true},"78":{"start":{"line":317,"column":12},"end":{"line":320,"column":13},"skip":true},"79":{"start":{"line":318,"column":16},"end":{"line":318,"column":75},"skip":true},"80":{"start":{"line":319,"column":16},"end":{"line":319,"column":23},"skip":true},"81":{"start":{"line":321,"column":12},"end":{"line":321,"column":38},"skip":true},"82":{"start":{"line":322,"column":12},"end":{"line":322,"column":27},"skip":true},"83":{"start":{"line":324,"column":8},"end":{"line":324,"column":14},"skip":true}},"branchMap":{"1":{"line":39,"type":"binary-expr","locations":[{"start":{"line":39,"column":23},"end":{"line":39,"column":62}},{"start":{"line":40,"column":20},"end":{"line":40,"column":70}},{"start":{"line":41,"column":20},"end":{"line":41,"column":71}},{"start":{"line":42,"column":20},"end":{"line":42,"column":29}}]},"2":{"line":44,"type":"binary-expr","locations":[{"start":{"line":44,"column":23},"end":{"line":44,"column":37}},{"start":{"line":45,"column":20},"end":{"line":45,"column":61}},{"start":{"line":46,"column":20},"end":{"line":46,"column":70}},{"start":{"line":47,"column":20},"end":{"line":47,"column":26}}]},"3":{"line":51,"type":"cond-expr","locations":[{"start":{"line":52,"column":14},"end":{"line":52,"column":20}},{"start":{"line":53,"column":14},"end":{"line":53,"column":20}}]},"4":{"line":55,"type":"binary-expr","locations":[{"start":{"line":55,"column":16},"end":{"line":55,"column":44}},{"start":{"line":55,"column":49},"end":{"line":57,"column":43}}]},"5":{"line":55,"type":"cond-expr","locations":[{"start":{"line":56,"column":14},"end":{"line":56,"column":53}},{"start":{"line":57,"column":14},"end":{"line":57,"column":43}}]},"6":{"line":61,"type":"switch","locations":[{"start":{"line":68,"column":4},"end":{"line":150,"column":14},"skip":true},{"start":{"line":156,"column":4},"end":{"line":324,"column":14},"skip":true}]},"7":{"line":70,"type":"if","locations":[{"start":{"line":70,"column":12},"end":{"line":70,"column":12},"skip":true},{"start":{"line":70,"column":12},"end":{"line":70,"column":12},"skip":true}]},"8":{"line":70,"type":"binary-expr","locations":[{"start":{"line":70,"column":16},"end":{"line":70,"column":22},"skip":true},{"start":{"line":70,"column":27},"end":{"line":70,"column":32},"skip":true},{"start":{"line":71,"column":20},"end":{"line":71,"column":39},"skip":true},{"start":{"line":72,"column":20},"end":{"line":72,"column":49},"skip":true},{"start":{"line":73,"column":20},"end":{"line":73,"column":58},"skip":true},{"start":{"line":74,"column":20},"end":{"line":74,"column":69},"skip":true}]},"9":{"line":79,"type":"switch","locations":[{"start":{"line":80,"column":20},"end":{"line":80,"column":33},"skip":true},{"start":{"line":81,"column":20},"end":{"line":83,"column":30},"skip":true},{"start":{"line":84,"column":20},"end":{"line":85,"column":49},"skip":true}]},"10":{"line":89,"type":"switch","locations":[{"start":{"line":90,"column":12},"end":{"line":103,"column":22},"skip":true},{"start":{"line":105,"column":12},"end":{"line":106,"column":22},"skip":true}]},"11":{"line":89,"type":"binary-expr","locations":[{"start":{"line":89,"column":20},"end":{"line":89,"column":25},"skip":true},{"start":{"line":89,"column":29},"end":{"line":89,"column":48},"skip":true},{"start":{"line":89,"column":52},"end":{"line":89,"column":74},"skip":true}]},"12":{"line":92,"type":"if","locations":[{"start":{"line":92,"column":16},"end":{"line":92,"column":16},"skip":true},{"start":{"line":92,"column":16},"end":{"line":92,"column":16},"skip":true}]},"13":{"line":108,"type":"if","locations":[{"start":{"line":108,"column":12},"end":{"line":108,"column":12},"skip":true},{"start":{"line":108,"column":12},"end":{"line":108,"column":12},"skip":true}]},"14":{"line":108,"type":"binary-expr","locations":[{"start":{"line":108,"column":16},"end":{"line":108,"column":61},"skip":true},{"start":{"line":108,"column":66},"end":{"line":108,"column":72},"skip":true},{"start":{"line":108,"column":77},"end":{"line":108,"column":82},"skip":true},{"start":{"line":109,"column":20},"end":{"line":109,"column":39},"skip":true},{"start":{"line":110,"column":20},"end":{"line":110,"column":49},"skip":true},{"start":{"line":111,"column":20},"end":{"line":111,"column":58},"skip":true},{"start":{"line":112,"column":20},"end":{"line":112,"column":68},"skip":true}]},"15":{"line":129,"type":"if","locations":[{"start":{"line":129,"column":16},"end":{"line":129,"column":16},"skip":true},{"start":{"line":129,"column":16},"end":{"line":129,"column":16},"skip":true}]},"16":{"line":134,"type":"cond-expr","locations":[{"start":{"line":135,"column":26},"end":{"line":135,"column":29},"skip":true},{"start":{"line":136,"column":26},"end":{"line":136,"column":54},"skip":true}]},"17":{"line":164,"type":"binary-expr","locations":[{"start":{"line":164,"column":27},"end":{"line":164,"column":43},"skip":true},{"start":{"line":164,"column":47},"end":{"line":164,"column":49},"skip":true}]},"18":{"line":258,"type":"if","locations":[{"start":{"line":258,"column":8},"end":{"line":258,"column":8},"skip":true},{"start":{"line":258,"column":8},"end":{"line":258,"column":8},"skip":true}]},"19":{"line":275,"type":"switch","locations":[{"start":{"line":276,"column":20},"end":{"line":277,"column":64},"skip":true},{"start":{"line":278,"column":20},"end":{"line":279,"column":40},"skip":true},{"start":{"line":280,"column":20},"end":{"line":281,"column":40},"skip":true},{"start":{"line":282,"column":20},"end":{"line":283,"column":39},"skip":true}]},"20":{"line":288,"type":"if","locations":[{"start":{"line":288,"column":8},"end":{"line":288,"column":8},"skip":true},{"start":{"line":288,"column":8},"end":{"line":288,"column":8},"skip":true}]},"21":{"line":288,"type":"binary-expr","locations":[{"start":{"line":288,"column":12},"end":{"line":288,"column":40},"skip":true},{"start":{"line":288,"column":44},"end":{"line":288,"column":67},"skip":true}]},"22":{"line":292,"type":"binary-expr","locations":[{"start":{"line":292,"column":12},"end":{"line":292,"column":50},"skip":true},{"start":{"line":293,"column":12},"end":{"line":293,"column":53},"skip":true}]},"23":{"line":297,"type":"binary-expr","locations":[{"start":{"line":297,"column":12},"end":{"line":297,"column":67},"skip":true},{"start":{"line":298,"column":12},"end":{"line":301,"column":36},"skip":true}]},"24":{"line":303,"type":"binary-expr","locations":[{"start":{"line":303,"column":43},"end":{"line":303,"column":75},"skip":true},{"start":{"line":303,"column":79},"end":{"line":303,"column":81},"skip":true}]},"25":{"line":306,"type":"if","locations":[{"start":{"line":306,"column":8},"end":{"line":306,"column":8},"skip":true},{"start":{"line":306,"column":8},"end":{"line":306,"column":8},"skip":true}]},"26":{"line":310,"type":"if","locations":[{"start":{"line":310,"column":8},"end":{"line":310,"column":8},"skip":true},{"start":{"line":310,"column":8},"end":{"line":310,"column":8},"skip":true}]},"27":{"line":313,"type":"binary-expr","locations":[{"start":{"line":313,"column":27},"end":{"line":313,"column":43},"skip":true},{"start":{"line":313,"column":47},"end":{"line":313,"column":53},"skip":true}]},"28":{"line":317,"type":"if","locations":[{"start":{"line":317,"column":12},"end":{"line":317,"column":12},"skip":true},{"start":{"line":317,"column":12},"end":{"line":317,"column":12},"skip":true}]}},"code":["/*","example.js","","quickstart example","","instruction","    1. save this script as example.js","    2. run the shell command:","        $ npm install npmtest-showtimes && PORT=8081 node example.js","    3. play with the browser-demo on http://127.0.0.1:8081","*/","","","","/* istanbul instrument in package npmtest_showtimes */","/*jslint","    bitwise: true,","    browser: true,","    maxerr: 8,","    maxlen: 96,","    node: true,","    nomen: true,","    regexp: true,","    stupid: true","*/","(function () {","    'use strict';","    var local;","","","","    // run shared js-env code - pre-init","    (function () {","        // init local","        local = {};","        // init modeJs","        local.modeJs = (function () {","            try {","                return typeof navigator.userAgent === 'string' &&","                    typeof document.querySelector('body') === 'object' &&","                    typeof XMLHttpRequest.prototype.open === 'function' &&","                    'browser';","            } catch (errorCaughtBrowser) {","                return module.exports &&","                    typeof process.versions.node === 'string' &&","                    typeof require('http').createServer === 'function' &&","                    'node';","            }","        }());","        // init global","        local.global = local.modeJs === 'browser'","            ? window","            : global;","        // init utility2_rollup","        local = local.global.utility2_rollup || (local.modeJs === 'browser'","            ? local.global.utility2_npmtest_showtimes","            : global.utility2_moduleExports);","        // export local","        local.global.local = local;","    }());","    switch (local.modeJs) {","","","","    // post-init","    // run browser js-env code - post-init","    /* istanbul ignore next */","    case 'browser':","        local.testRunBrowser = function (event) {","            if (!event || (event &&","                    event.currentTarget &&","                    event.currentTarget.className &&","                    event.currentTarget.className.includes &&","                    event.currentTarget.className.includes('onreset'))) {","                // reset output","                Array.from(","                    document.querySelectorAll('body > .resettable')","                ).forEach(function (element) {","                    switch (element.tagName) {","                    case 'INPUT':","                    case 'TEXTAREA':","                        element.value = '';","                        break;","                    default:","                        element.textContent = '';","                    }","                });","            }","            switch (event && event.currentTarget && event.currentTarget.id) {","            case 'testRunButton1':","                // show tests","                if (document.querySelector('#testReportDiv1').style.display === 'none') {","                    document.querySelector('#testReportDiv1').style.display = 'block';","                    document.querySelector('#testRunButton1').textContent =","                        'hide internal test';","                    local.modeTest = true;","                    local.testRunDefault(local);","                // hide tests","                } else {","                    document.querySelector('#testReportDiv1').style.display = 'none';","                    document.querySelector('#testRunButton1').textContent = 'run internal test';","                }","                break;","            // custom-case","            default:","                break;","            }","            if (document.querySelector('#inputTextareaEval1') && (!event || (event &&","                    event.currentTarget &&","                    event.currentTarget.className &&","                    event.currentTarget.className.includes &&","                    event.currentTarget.className.includes('oneval')))) {","                // try to eval input-code","                try {","                    /*jslint evil: true*/","                    eval(document.querySelector('#inputTextareaEval1').value);","                } catch (errorCaught) {","                    console.error(errorCaught);","                }","            }","        };","        // log stderr and stdout to #outputTextareaStdout1","        ['error', 'log'].forEach(function (key) {","            console[key + '_original'] = console[key];","            console[key] = function () {","                var element;","                console[key + '_original'].apply(console, arguments);","                element = document.querySelector('#outputTextareaStdout1');","                if (!element) {","                    return;","                }","                // append text to #outputTextareaStdout1","                element.value += Array.from(arguments).map(function (arg) {","                    return typeof arg === 'string'","                        ? arg","                        : JSON.stringify(arg, null, 4);","                }).join(' ') + '\\n';","                // scroll textarea to bottom","                element.scrollTop = element.scrollHeight;","            };","        });","        // init event-handling","        ['change', 'click', 'keyup'].forEach(function (event) {","            Array.from(document.querySelectorAll('.on' + event)).forEach(function (element) {","                element.addEventListener(event, local.testRunBrowser);","            });","        });","        // run tests","        local.testRunBrowser();","        break;","","","","    // run node js-env code - post-init","    /* istanbul ignore next */","    case 'node':","        // export local","        module.exports = local;","        // require modules","        local.fs = require('fs');","        local.http = require('http');","        local.url = require('url');","        // init assets","        local.assetsDict = local.assetsDict || {};","        /* jslint-ignore-begin */","        local.assetsDict['/assets.index.template.html'] = '\\","<!doctype html>\\n\\","<html lang=\"en\">\\n\\","<head>\\n\\","<meta charset=\"UTF-8\">\\n\\","<meta name=\"viewport\" content=\"width=device-width, initial-scale=1\">\\n\\","<title>{{env.npm_package_name}} (v{{env.npm_package_version}})</title>\\n\\","<style>\\n\\","/*csslint\\n\\","    box-sizing: false,\\n\\","    universal-selector: false\\n\\","*/\\n\\","* {\\n\\","    box-sizing: border-box;\\n\\","}\\n\\","body {\\n\\","    background: #dde;\\n\\","    font-family: Arial, Helvetica, sans-serif;\\n\\","    margin: 2rem;\\n\\","}\\n\\","body > * {\\n\\","    margin-bottom: 1rem;\\n\\","}\\n\\",".utility2FooterDiv {\\n\\","    margin-top: 20px;\\n\\","    text-align: center;\\n\\","}\\n\\","</style>\\n\\","<style>\\n\\","/*csslint\\n\\","*/\\n\\","textarea {\\n\\","    font-family: monospace;\\n\\","    height: 10rem;\\n\\","    width: 100%;\\n\\","}\\n\\","textarea[readonly] {\\n\\","    background: #ddd;\\n\\","}\\n\\","</style>\\n\\","</head>\\n\\","<body>\\n\\","<!-- utility2-comment\\n\\","<div id=\"ajaxProgressDiv1\" style=\"background: #d00; height: 2px; left: 0; margin: 0; padding: 0; position: fixed; top: 0; transition: background 0.5s, width 1.5s; width: 25%;\"></div>\\n\\","utility2-comment -->\\n\\","<h1>\\n\\","<!-- utility2-comment\\n\\","    <a\\n\\","        {{#if env.npm_package_homepage}}\\n\\","        href=\"{{env.npm_package_homepage}}\"\\n\\","        {{/if env.npm_package_homepage}}\\n\\","        target=\"_blank\"\\n\\","    >\\n\\","utility2-comment -->\\n\\","        {{env.npm_package_name}} (v{{env.npm_package_version}})\\n\\","<!-- utility2-comment\\n\\","    </a>\\n\\","utility2-comment -->\\n\\","</h1>\\n\\","<h3>{{env.npm_package_description}}</h3>\\n\\","<!-- utility2-comment\\n\\","<h4><a download href=\"assets.app.js\">download standalone app</a></h4>\\n\\","<button class=\"onclick onreset\" id=\"testRunButton1\">run internal test</button><br>\\n\\","<div id=\"testReportDiv1\" style=\"display: none;\"></div>\\n\\","utility2-comment -->\\n\\","\\n\\","\\n\\","\\n\\","<label>stderr and stdout</label>\\n\\","<textarea class=\"resettable\" id=\"outputTextareaStdout1\" readonly></textarea>\\n\\","<!-- utility2-comment\\n\\","{{#if isRollup}}\\n\\","<script src=\"assets.app.js\"></script>\\n\\","{{#unless isRollup}}\\n\\","utility2-comment -->\\n\\","<script src=\"assets.utility2.rollup.js\"></script>\\n\\","<script src=\"jsonp.utility2._stateInit?callback=window.utility2._stateInit\"></script>\\n\\","<script src=\"assets.npmtest_showtimes.rollup.js\"></script>\\n\\","<script src=\"assets.example.js\"></script>\\n\\","<script src=\"assets.test.js\"></script>\\n\\","<!-- utility2-comment\\n\\","{{/if isRollup}}\\n\\","utility2-comment -->\\n\\","<div class=\"utility2FooterDiv\">\\n\\","    [ this app was created with\\n\\","    <a href=\"https://github.com/kaizhu256/node-utility2\" target=\"_blank\">utility2</a>\\n\\","    ]\\n\\","</div>\\n\\","</body>\\n\\","</html>\\n\\","';","        /* jslint-ignore-end */","        if (local.templateRender) {","            local.assetsDict['/'] = local.templateRender(","                local.assetsDict['/assets.index.template.html'],","                {","                    env: local.objectSetDefault(local.env, {","                        npm_package_description: 'the greatest app in the world!',","                        npm_package_name: 'my-app',","                        npm_package_nameAlias: 'my_app',","                        npm_package_version: '0.0.1'","                    })","                }","            );","        } else {","            local.assetsDict['/'] = local.assetsDict['/assets.index.template.html']","                .replace((/\\{\\{env\\.(\\w+?)\\}\\}/g), function (match0, match1) {","                    // jslint-hack","                    String(match0);","                    switch (match1) {","                    case 'npm_package_description':","                        return 'the greatest app in the world!';","                    case 'npm_package_name':","                        return 'my-app';","                    case 'npm_package_nameAlias':","                        return 'my_app';","                    case 'npm_package_version':","                        return '0.0.1';","                    }","                });","        }","        // run the cli","        if (local.global.utility2_rollup || module !== require.main) {","            break;","        }","        local.assetsDict['/assets.example.js'] =","            local.assetsDict['/assets.example.js'] ||","            local.fs.readFileSync(__filename, 'utf8');","        // bug-workaround - long $npm_package_buildCustomOrg","        /* jslint-ignore-begin */","        local.assetsDict['/assets.npmtest_showtimes.rollup.js'] =","            local.assetsDict['/assets.npmtest_showtimes.rollup.js'] ||","            local.fs.readFileSync(","                local.npmtest_showtimes.__dirname + '/lib.npmtest_showtimes.js',","                'utf8'","            ).replace((/^#!/), '//');","        /* jslint-ignore-end */","        local.assetsDict['/favicon.ico'] = local.assetsDict['/favicon.ico'] || '';","        // if $npm_config_timeout_exit exists,","        // then exit this process after $npm_config_timeout_exit ms","        if (Number(process.env.npm_config_timeout_exit)) {","            setTimeout(process.exit, Number(process.env.npm_config_timeout_exit));","        }","        // start server","        if (local.global.utility2_serverHttp1) {","            break;","        }","        process.env.PORT = process.env.PORT || '8081';","        console.error('server starting on port ' + process.env.PORT);","        local.http.createServer(function (request, response) {","            request.urlParsed = local.url.parse(request.url);","            if (local.assetsDict[request.urlParsed.pathname] !== undefined) {","                response.end(local.assetsDict[request.urlParsed.pathname]);","                return;","            }","            response.statusCode = 404;","            response.end();","        }).listen(process.env.PORT);","        break;","    }","}());",""],"l":{"26":2,"28":2,"33":2,"35":2,"37":2,"38":2,"39":2,"44":1,"51":2,"55":2,"59":2,"61":2,"69":1,"70":2,"76":2,"79":2,"82":2,"83":2,"85":1,"89":2,"92":1,"93":1,"94":1,"96":1,"97":1,"100":1,"101":1,"103":1,"106":1,"108":2,"114":1,"116":1,"118":1,"123":1,"124":2,"125":2,"126":3,"127":3,"128":3,"129":3,"130":1,"133":3,"134":3,"139":3,"143":1,"144":3,"145":1,"149":1,"150":1,"158":1,"160":1,"161":1,"162":1,"164":1,"166":1,"258":1,"259":1,"271":1,"274":6,"275":6,"277":1,"279":2,"281":1,"283":2,"288":1,"289":1,"291":1,"296":1,"303":1,"306":1,"307":1,"310":1,"311":1,"313":1,"314":1,"315":1,"316":1,"317":1,"318":1,"319":1,"321":1,"322":1,"324":1}},"/home/travis/build/npmtest/node-npmtest-showtimes/node_modules/showtimes/src/index.js":{"path":"/home/travis/build/npmtest/node-npmtest-showtimes/node_modules/showtimes/src/index.js","s":{"1":1,"2":1,"3":1,"4":1,"5":1,"6":1,"7":0,"8":0,"9":0,"10":0,"11":0,"12":0,"13":0,"14":0,"15":0,"16":0,"17":0,"18":0,"19":0,"20":0,"21":0,"22":0,"23":0,"24":0,"25":0,"26":0,"27":0,"28":0,"29":0,"30":0,"31":0,"32":0,"33":0,"34":0,"35":0,"36":0,"37":0,"38":0,"39":0,"40":0,"41":0,"42":0,"43":0,"44":0,"45":0,"46":0,"47":0,"48":0,"49":0,"50":0,"51":0,"52":0,"53":0,"54":0,"55":0,"56":0,"57":0,"58":0,"59":0,"60":0,"61":0,"62":0,"63":0,"64":0,"65":0,"66":0,"67":0,"68":0,"69":0,"70":0,"71":0,"72":0,"73":0,"74":0,"75":0,"76":0,"77":0,"78":0,"79":0,"80":0,"81":0,"82":0,"83":0,"84":0,"85":0,"86":0,"87":0,"88":0,"89":0,"90":0,"91":0,"92":0,"93":0,"94":0,"95":0,"96":0,"97":0,"98":0,"99":0,"100":0,"101":0,"102":0,"103":0,"104":0,"105":0,"106":0,"107":0,"108":0,"109":0,"110":0,"111":0,"112":0,"113":0,"114":0,"115":0,"116":0,"117":0,"118":0,"119":0,"120":0,"121":0,"122":0,"123":0,"124":0,"125":0,"126":0,"127":0,"128":0,"129":0,"130":0,"131":0,"132":0,"133":0,"134":0,"135":0,"136":0,"137":0,"138":0,"139":0,"140":0,"141":0,"142":0,"143":0,"144":0,"145":0,"146":0,"147":0,"148":0,"149":0,"150":0,"151":0,"152":0,"153":0,"154":0,"155":0,"156":0,"157":0,"158":0,"159":0,"160":0,"161":0,"162":0,"163":0,"164":0,"165":0,"166":0,"167":0,"168":0,"169":0,"170":0,"171":0,"172":0,"173":0,"174":0,"175":0,"176":0,"177":0,"178":0,"179":0,"180":0,"181":0,"182":0,"183":0,"184":0,"185":0,"186":0,"187":0,"188":0,"189":0,"190":0,"191":0,"192":0,"193":0,"194":0,"195":0,"196":0,"197":0,"198":0,"199":0,"200":0,"201":0,"202":0,"203":0,"204":0,"205":0,"206":0,"207":0,"208":0,"209":0,"210":0,"211":0,"212":0,"213":0,"214":0,"215":0,"216":0,"217":0,"218":0,"219":0,"220":0,"221":0,"222":0,"223":0,"224":0,"225":0,"226":0,"227":0,"228":0,"229":0,"230":0,"231":0,"232":1},"b":{"1":[0,0],"2":[0,0],"3":[0,0],"4":[0,0],"5":[0,0],"6":[0,0],"7":[0,0],"8":[0,0],"9":[0,0],"10":[0,0],"11":[0,0],"12":[0,0],"13":[0,0],"14":[0,0],"15":[0,0],"16":[0,0],"17":[0,0],"18":[0,0],"19":[0,0],"20":[0,0],"21":[0,0],"22":[0,0],"23":[0,0],"24":[0,0],"25":[0,0],"26":[0,0],"27":[0,0],"28":[0,0],"29":[0,0],"30":[0,0],"31":[0,0],"32":[0,0],"33":[0,0],"34":[0,0],"35":[0,0],"36":[0,0],"37":[0,0],"38":[0,0],"39":[0,0],"40":[0,0],"41":[0,0],"42":[0,0],"43":[0,0],"44":[0,0],"45":[0,0],"46":[0,0],"47":[0,0],"48":[0,0],"49":[0,0],"50":[0,0],"51":[0,0],"52":[0,0],"53":[0,0],"54":[0,0],"55":[0,0],"56":[0,0],"57":[0,0],"58":[0,0],"59":[0,0],"60":[0,0],"61":[0,0],"62":[0,0],"63":[0,0],"64":[0,0],"65":[0,0],"66":[0,0]},"f":{"1":0,"2":0,"3":0,"4":0,"5":0,"6":0,"7":0,"8":0,"9":0,"10":0,"11":0,"12":0,"13":0,"14":0,"15":0},"fnMap":{"1":{"name":"(anonymous_1)","line":16,"loc":{"start":{"line":16,"column":14},"end":{"line":16,"column":34}}},"2":{"name":"(anonymous_2)","line":39,"loc":{"start":{"line":39,"column":14},"end":{"line":39,"column":17}}},"3":{"name":"(anonymous_3)","line":91,"loc":{"start":{"line":91,"column":13},"end":{"line":91,"column":29}}},"4":{"name":"(anonymous_4)","line":115,"loc":{"start":{"line":115,"column":12},"end":{"line":115,"column":15}}},"5":{"name":"(anonymous_5)","line":177,"loc":{"start":{"line":177,"column":11},"end":{"line":177,"column":25}}},"6":{"name":"(anonymous_6)","line":209,"loc":{"start":{"line":209,"column":16},"end":{"line":209,"column":51}}},"7":{"name":"(anonymous_7)","line":279,"loc":{"start":{"line":279,"column":14},"end":{"line":279,"column":45}}},"8":{"name":"(anonymous_8)","line":415,"loc":{"start":{"line":415,"column":18},"end":{"line":415,"column":29}}},"9":{"name":"(anonymous_9)","line":424,"loc":{"start":{"line":424,"column":18},"end":{"line":424,"column":38}}},"10":{"name":"(anonymous_10)","line":445,"loc":{"start":{"line":445,"column":29},"end":{"line":445,"column":46}}},"11":{"name":"(anonymous_11)","line":455,"loc":{"start":{"line":455,"column":54},"end":{"line":455,"column":70}}},"12":{"name":"(anonymous_12)","line":470,"loc":{"start":{"line":470,"column":16},"end":{"line":470,"column":24}}},"13":{"name":"(anonymous_13)","line":485,"loc":{"start":{"line":485,"column":13},"end":{"line":485,"column":21}}},"14":{"name":"(anonymous_14)","line":501,"loc":{"start":{"line":501,"column":28},"end":{"line":501,"column":36}}},"15":{"name":"(anonymous_15)","line":520,"loc":{"start":{"line":520,"column":11},"end":{"line":520,"column":33}}}},"statementMap":{"1":{"start":{"line":3,"column":0},"end":{"line":3,"column":32}},"2":{"start":{"line":4,"column":0},"end":{"line":4,"column":32}},"3":{"start":{"line":5,"column":0},"end":{"line":5,"column":31}},"4":{"start":{"line":6,"column":0},"end":{"line":6,"column":24}},"5":{"start":{"line":7,"column":0},"end":{"line":7,"column":33}},"6":{"start":{"line":8,"column":0},"end":{"line":8,"column":29}},"7":{"start":{"line":17,"column":4},"end":{"line":17,"column":70}},"8":{"start":{"line":18,"column":4},"end":{"line":18,"column":45}},"9":{"start":{"line":19,"column":4},"end":{"line":19,"column":28}},"10":{"start":{"line":22,"column":4},"end":{"line":24,"column":5}},"11":{"start":{"line":23,"column":6},"end":{"line":23,"column":18}},"12":{"start":{"line":26,"column":4},"end":{"line":26,"column":70}},"13":{"start":{"line":27,"column":4},"end":{"line":27,"column":73}},"14":{"start":{"line":28,"column":4},"end":{"line":28,"column":87}},"15":{"start":{"line":40,"column":4},"end":{"line":40,"column":17}},"16":{"start":{"line":41,"column":4},"end":{"line":41,"column":22}},"17":{"start":{"line":43,"column":4},"end":{"line":43,"column":74}},"18":{"start":{"line":44,"column":4},"end":{"line":44,"column":79}},"19":{"start":{"line":45,"column":4},"end":{"line":45,"column":63}},"20":{"start":{"line":47,"column":4},"end":{"line":50,"column":5}},"21":{"start":{"line":48,"column":6},"end":{"line":48,"column":37}},"22":{"start":{"line":49,"column":6},"end":{"line":49,"column":45}},"23":{"start":{"line":52,"column":4},"end":{"line":52,"column":18}},"24":{"start":{"line":53,"column":4},"end":{"line":81,"column":6}},"25":{"start":{"line":54,"column":6},"end":{"line":56,"column":7}},"26":{"start":{"line":55,"column":8},"end":{"line":55,"column":51}},"27":{"start":{"line":58,"column":6},"end":{"line":58,"column":36}},"28":{"start":{"line":59,"column":6},"end":{"line":62,"column":7}},"29":{"start":{"line":60,"column":8},"end":{"line":60,"column":32}},"30":{"start":{"line":61,"column":8},"end":{"line":61,"column":14}},"31":{"start":{"line":64,"column":6},"end":{"line":71,"column":8}},"32":{"start":{"line":65,"column":8},"end":{"line":65,"column":58}},"33":{"start":{"line":66,"column":8},"end":{"line":68,"column":9}},"34":{"start":{"line":67,"column":10},"end":{"line":67,"column":21}},"35":{"start":{"line":70,"column":8},"end":{"line":70,"column":38}},"36":{"start":{"line":74,"column":6},"end":{"line":77,"column":7}},"37":{"start":{"line":75,"column":8},"end":{"line":75,"column":30}},"38":{"start":{"line":76,"column":8},"end":{"line":76,"column":14}},"39":{"start":{"line":80,"column":6},"end":{"line":80,"column":58}},"40":{"start":{"line":92,"column":4},"end":{"line":92,"column":18}},"41":{"start":{"line":93,"column":4},"end":{"line":104,"column":6}},"42":{"start":{"line":94,"column":6},"end":{"line":94,"column":36}},"43":{"start":{"line":95,"column":6},"end":{"line":98,"column":7}},"44":{"start":{"line":96,"column":8},"end":{"line":96,"column":32}},"45":{"start":{"line":97,"column":8},"end":{"line":97,"column":14}},"46":{"start":{"line":100,"column":6},"end":{"line":100,"column":33}},"47":{"start":{"line":101,"column":6},"end":{"line":101,"column":71}},"48":{"start":{"line":103,"column":6},"end":{"line":103,"column":27}},"49":{"start":{"line":116,"column":4},"end":{"line":116,"column":17}},"50":{"start":{"line":117,"column":4},"end":{"line":117,"column":20}},"51":{"start":{"line":119,"column":4},"end":{"line":119,"column":74}},"52":{"start":{"line":120,"column":4},"end":{"line":120,"column":79}},"53":{"start":{"line":121,"column":4},"end":{"line":121,"column":63}},"54":{"start":{"line":123,"column":4},"end":{"line":126,"column":5}},"55":{"start":{"line":124,"column":6},"end":{"line":124,"column":37}},"56":{"start":{"line":125,"column":6},"end":{"line":125,"column":43}},"57":{"start":{"line":128,"column":4},"end":{"line":128,"column":18}},"58":{"start":{"line":129,"column":4},"end":{"line":167,"column":6}},"59":{"start":{"line":130,"column":6},"end":{"line":132,"column":7}},"60":{"start":{"line":131,"column":8},"end":{"line":131,"column":51}},"61":{"start":{"line":134,"column":6},"end":{"line":134,"column":36}},"62":{"start":{"line":135,"column":6},"end":{"line":138,"column":7}},"63":{"start":{"line":136,"column":8},"end":{"line":136,"column":32}},"64":{"start":{"line":137,"column":8},"end":{"line":137,"column":14}},"65":{"start":{"line":140,"column":6},"end":{"line":140,"column":19}},"66":{"start":{"line":141,"column":6},"end":{"line":156,"column":8}},"67":{"start":{"line":142,"column":8},"end":{"line":142,"column":24}},"68":{"start":{"line":143,"column":8},"end":{"line":143,"column":51}},"69":{"start":{"line":144,"column":8},"end":{"line":146,"column":9}},"70":{"start":{"line":145,"column":10},"end":{"line":145,"column":16}},"71":{"start":{"line":148,"column":8},"end":{"line":148,"column":34}},"72":{"start":{"line":149,"column":8},"end":{"line":149,"column":31}},"73":{"start":{"line":151,"column":8},"end":{"line":153,"column":10}},"74":{"start":{"line":152,"column":10},"end":{"line":152,"column":73}},"75":{"start":{"line":155,"column":8},"end":{"line":155,"column":34}},"76":{"start":{"line":159,"column":6},"end":{"line":162,"column":7}},"77":{"start":{"line":160,"column":8},"end":{"line":160,"column":28}},"78":{"start":{"line":161,"column":8},"end":{"line":161,"column":14}},"79":{"start":{"line":166,"column":6},"end":{"line":166,"column":54}},"80":{"start":{"line":178,"column":4},"end":{"line":178,"column":18}},"81":{"start":{"line":179,"column":4},"end":{"line":197,"column":6}},"82":{"start":{"line":180,"column":6},"end":{"line":180,"column":36}},"83":{"start":{"line":181,"column":6},"end":{"line":184,"column":7}},"84":{"start":{"line":182,"column":8},"end":{"line":182,"column":32}},"85":{"start":{"line":183,"column":8},"end":{"line":183,"column":14}},"86":{"start":{"line":186,"column":6},"end":{"line":186,"column":29}},"87":{"start":{"line":187,"column":6},"end":{"line":187,"column":62}},"88":{"start":{"line":189,"column":6},"end":{"line":189,"column":32}},"89":{"start":{"line":190,"column":6},"end":{"line":190,"column":29}},"90":{"start":{"line":192,"column":6},"end":{"line":194,"column":8}},"91":{"start":{"line":193,"column":8},"end":{"line":193,"column":71}},"92":{"start":{"line":196,"column":6},"end":{"line":196,"column":25}},"93":{"start":{"line":210,"column":4},"end":{"line":210,"column":70}},"94":{"start":{"line":212,"column":4},"end":{"line":212,"column":18}},"95":{"start":{"line":214,"column":4},"end":{"line":233,"column":5}},"96":{"start":{"line":215,"column":6},"end":{"line":215,"column":20}},"97":{"start":{"line":216,"column":6},"end":{"line":220,"column":7}},"98":{"start":{"line":217,"column":8},"end":{"line":217,"column":57}},"99":{"start":{"line":219,"column":8},"end":{"line":219,"column":65}},"100":{"start":{"line":222,"column":6},"end":{"line":224,"column":7}},"101":{"start":{"line":223,"column":8},"end":{"line":223,"column":59}},"102":{"start":{"line":226,"column":6},"end":{"line":226,"column":22}},"103":{"start":{"line":227,"column":6},"end":{"line":232,"column":7}},"104":{"start":{"line":228,"column":8},"end":{"line":228,"column":58}},"105":{"start":{"line":229,"column":8},"end":{"line":231,"column":9}},"106":{"start":{"line":230,"column":10},"end":{"line":230,"column":36}},"107":{"start":{"line":235,"column":4},"end":{"line":235,"column":62}},"108":{"start":{"line":237,"column":4},"end":{"line":249,"column":5}},"109":{"start":{"line":238,"column":6},"end":{"line":238,"column":56}},"110":{"start":{"line":240,"column":6},"end":{"line":245,"column":7}},"111":{"start":{"line":246,"column":6},"end":{"line":246,"column":95}},"112":{"start":{"line":246,"column":38},"end":{"line":246,"column":95}},"113":{"start":{"line":248,"column":6},"end":{"line":248,"column":24}},"114":{"start":{"line":251,"column":4},"end":{"line":251,"column":19}},"115":{"start":{"line":252,"column":4},"end":{"line":257,"column":6}},"116":{"start":{"line":253,"column":6},"end":{"line":253,"column":42}},"117":{"start":{"line":254,"column":6},"end":{"line":256,"column":7}},"118":{"start":{"line":255,"column":8},"end":{"line":255,"column":26}},"119":{"start":{"line":259,"column":4},"end":{"line":265,"column":5}},"120":{"start":{"line":280,"column":4},"end":{"line":282,"column":5}},"121":{"start":{"line":281,"column":6},"end":{"line":281,"column":23}},"122":{"start":{"line":284,"column":4},"end":{"line":284,"column":94}},"123":{"start":{"line":288,"column":4},"end":{"line":290,"column":5}},"124":{"start":{"line":289,"column":6},"end":{"line":289,"column":18}},"125":{"start":{"line":292,"column":4},"end":{"line":305,"column":5}},"126":{"start":{"line":293,"column":6},"end":{"line":293,"column":20}},"127":{"start":{"line":294,"column":6},"end":{"line":298,"column":7}},"128":{"start":{"line":295,"column":8},"end":{"line":295,"column":81}},"129":{"start":{"line":297,"column":8},"end":{"line":297,"column":55}},"130":{"start":{"line":300,"column":6},"end":{"line":302,"column":7}},"131":{"start":{"line":301,"column":8},"end":{"line":301,"column":59}},"132":{"start":{"line":304,"column":6},"end":{"line":304,"column":57}},"133":{"start":{"line":309,"column":4},"end":{"line":309,"column":12}},"134":{"start":{"line":310,"column":4},"end":{"line":321,"column":5}},"135":{"start":{"line":314,"column":6},"end":{"line":314,"column":53}},"136":{"start":{"line":315,"column":6},"end":{"line":315,"column":46}},"137":{"start":{"line":316,"column":6},"end":{"line":316,"column":46}},"138":{"start":{"line":318,"column":6},"end":{"line":318,"column":59}},"139":{"start":{"line":320,"column":6},"end":{"line":320,"column":52}},"140":{"start":{"line":323,"column":4},"end":{"line":323,"column":30}},"141":{"start":{"line":324,"column":4},"end":{"line":354,"column":5}},"142":{"start":{"line":325,"column":6},"end":{"line":325,"column":62}},"143":{"start":{"line":326,"column":6},"end":{"line":328,"column":7}},"144":{"start":{"line":327,"column":8},"end":{"line":327,"column":20}},"145":{"start":{"line":330,"column":6},"end":{"line":349,"column":7}},"146":{"start":{"line":331,"column":8},"end":{"line":331,"column":84}},"147":{"start":{"line":332,"column":8},"end":{"line":340,"column":9}},"148":{"start":{"line":333,"column":10},"end":{"line":337,"column":11}},"149":{"start":{"line":334,"column":12},"end":{"line":334,"column":22}},"150":{"start":{"line":336,"column":12},"end":{"line":336,"column":45}},"151":{"start":{"line":339,"column":10},"end":{"line":339,"column":20}},"152":{"start":{"line":342,"column":8},"end":{"line":342,"column":21}},"153":{"start":{"line":344,"column":8},"end":{"line":348,"column":9}},"154":{"start":{"line":345,"column":10},"end":{"line":345,"column":20}},"155":{"start":{"line":347,"column":10},"end":{"line":347,"column":43}},"156":{"start":{"line":351,"column":6},"end":{"line":351,"column":20}},"157":{"start":{"line":352,"column":6},"end":{"line":352,"column":19}},"158":{"start":{"line":353,"column":6},"end":{"line":353,"column":30}},"159":{"start":{"line":356,"column":4},"end":{"line":358,"column":5}},"160":{"start":{"line":357,"column":6},"end":{"line":357,"column":51}},"161":{"start":{"line":361,"column":4},"end":{"line":377,"column":5}},"162":{"start":{"line":362,"column":6},"end":{"line":362,"column":24}},"163":{"start":{"line":363,"column":6},"end":{"line":369,"column":7}},"164":{"start":{"line":364,"column":8},"end":{"line":368,"column":9}},"165":{"start":{"line":365,"column":10},"end":{"line":365,"column":60}},"166":{"start":{"line":366,"column":15},"end":{"line":368,"column":9}},"167":{"start":{"line":367,"column":10},"end":{"line":367,"column":64}},"168":{"start":{"line":372,"column":6},"end":{"line":372,"column":73}},"169":{"start":{"line":373,"column":6},"end":{"line":373,"column":63}},"170":{"start":{"line":374,"column":6},"end":{"line":374,"column":71}},"171":{"start":{"line":375,"column":6},"end":{"line":375,"column":36}},"172":{"start":{"line":376,"column":6},"end":{"line":376,"column":38}},"173":{"start":{"line":381,"column":4},"end":{"line":381,"column":37}},"174":{"start":{"line":382,"column":4},"end":{"line":384,"column":5}},"175":{"start":{"line":383,"column":6},"end":{"line":383,"column":48}},"176":{"start":{"line":386,"column":4},"end":{"line":395,"column":5}},"177":{"start":{"line":396,"column":4},"end":{"line":396,"column":91}},"178":{"start":{"line":396,"column":36},"end":{"line":396,"column":91}},"179":{"start":{"line":398,"column":4},"end":{"line":402,"column":5}},"180":{"start":{"line":399,"column":6},"end":{"line":399,"column":35}},"181":{"start":{"line":400,"column":6},"end":{"line":400,"column":27}},"182":{"start":{"line":401,"column":6},"end":{"line":401,"column":41}},"183":{"start":{"line":404,"column":4},"end":{"line":404,"column":20}},"184":{"start":{"line":416,"column":4},"end":{"line":416,"column":24}},"185":{"start":{"line":417,"column":4},"end":{"line":417,"column":21}},"186":{"start":{"line":424,"column":4},"end":{"line":435,"column":5}},"187":{"start":{"line":425,"column":6},"end":{"line":425,"column":68}},"188":{"start":{"line":427,"column":6},"end":{"line":427,"column":43}},"189":{"start":{"line":428,"column":6},"end":{"line":432,"column":7}},"190":{"start":{"line":429,"column":8},"end":{"line":429,"column":27}},"191":{"start":{"line":430,"column":13},"end":{"line":432,"column":7}},"192":{"start":{"line":431,"column":8},"end":{"line":431,"column":28}},"193":{"start":{"line":434,"column":6},"end":{"line":434,"column":21}},"194":{"start":{"line":437,"column":4},"end":{"line":437,"column":42}},"195":{"start":{"line":438,"column":4},"end":{"line":438,"column":17}},"196":{"start":{"line":439,"column":4},"end":{"line":460,"column":5}},"197":{"start":{"line":441,"column":6},"end":{"line":441,"column":56}},"198":{"start":{"line":442,"column":6},"end":{"line":442,"column":83}},"199":{"start":{"line":445,"column":6},"end":{"line":452,"column":14}},"200":{"start":{"line":446,"column":8},"end":{"line":446,"column":61}},"201":{"start":{"line":448,"column":8},"end":{"line":451,"column":9}},"202":{"start":{"line":454,"column":6},"end":{"line":454,"column":36}},"203":{"start":{"line":455,"column":6},"end":{"line":459,"column":29}},"204":{"start":{"line":456,"column":8},"end":{"line":456,"column":48}},"205":{"start":{"line":457,"column":8},"end":{"line":457,"column":50}},"206":{"start":{"line":458,"column":8},"end":{"line":458,"column":19}},"207":{"start":{"line":462,"column":4},"end":{"line":462,"column":19}},"208":{"start":{"line":471,"column":4},"end":{"line":475,"column":5}},"209":{"start":{"line":472,"column":6},"end":{"line":472,"column":100}},"210":{"start":{"line":474,"column":6},"end":{"line":474,"column":52}},"211":{"start":{"line":477,"column":4},"end":{"line":477,"column":15}},"212":{"start":{"line":486,"column":4},"end":{"line":490,"column":5}},"213":{"start":{"line":487,"column":6},"end":{"line":487,"column":97}},"214":{"start":{"line":489,"column":6},"end":{"line":489,"column":52}},"215":{"start":{"line":492,"column":4},"end":{"line":492,"column":15}},"216":{"start":{"line":502,"column":4},"end":{"line":508,"column":5}},"217":{"start":{"line":503,"column":6},"end":{"line":505,"column":7}},"218":{"start":{"line":504,"column":8},"end":{"line":504,"column":56}},"219":{"start":{"line":507,"column":6},"end":{"line":507,"column":18}},"220":{"start":{"line":510,"column":4},"end":{"line":510,"column":45}},"221":{"start":{"line":521,"column":4},"end":{"line":526,"column":5}},"222":{"start":{"line":528,"column":4},"end":{"line":530,"column":5}},"223":{"start":{"line":529,"column":6},"end":{"line":529,"column":26}},"224":{"start":{"line":532,"column":4},"end":{"line":540,"column":5}},"225":{"start":{"line":542,"column":4},"end":{"line":554,"column":6}},"226":{"start":{"line":543,"column":6},"end":{"line":551,"column":7}},"227":{"start":{"line":544,"column":8},"end":{"line":548,"column":9}},"228":{"start":{"line":545,"column":10},"end":{"line":545,"column":85}},"229":{"start":{"line":547,"column":10},"end":{"line":547,"column":19}},"230":{"start":{"line":550,"column":8},"end":{"line":550,"column":14}},"231":{"start":{"line":553,"column":6},"end":{"line":553,"column":19}},"232":{"start":{"line":558,"column":0},"end":{"line":558,"column":26}}},"branchMap":{"1":{"line":22,"type":"if","locations":[{"start":{"line":22,"column":4},"end":{"line":22,"column":4}},{"start":{"line":22,"column":4},"end":{"line":22,"column":4}}]},"2":{"line":26,"type":"cond-expr","locations":[{"start":{"line":26,"column":54},"end":{"line":26,"column":66}},{"start":{"line":26,"column":69},"end":{"line":26,"column":70}}]},"3":{"line":27,"type":"cond-expr","locations":[{"start":{"line":27,"column":54},"end":{"line":27,"column":66}},{"start":{"line":27,"column":69},"end":{"line":27,"column":73}}]},"4":{"line":28,"type":"cond-expr","locations":[{"start":{"line":28,"column":64},"end":{"line":28,"column":81}},{"start":{"line":28,"column":84},"end":{"line":28,"column":87}}]},"5":{"line":43,"type":"cond-expr","locations":[{"start":{"line":43,"column":55},"end":{"line":43,"column":67}},{"start":{"line":43,"column":70},"end":{"line":43,"column":74}}]},"6":{"line":44,"type":"cond-expr","locations":[{"start":{"line":44,"column":52},"end":{"line":44,"column":64}},{"start":{"line":44,"column":67},"end":{"line":44,"column":79}}]},"7":{"line":45,"type":"cond-expr","locations":[{"start":{"line":45,"column":58},"end":{"line":45,"column":59}},{"start":{"line":45,"column":62},"end":{"line":45,"column":63}}]},"8":{"line":47,"type":"if","locations":[{"start":{"line":47,"column":4},"end":{"line":47,"column":4}},{"start":{"line":47,"column":4},"end":{"line":47,"column":4}}]},"9":{"line":54,"type":"if","locations":[{"start":{"line":54,"column":6},"end":{"line":54,"column":6}},{"start":{"line":54,"column":6},"end":{"line":54,"column":6}}]},"10":{"line":59,"type":"if","locations":[{"start":{"line":59,"column":6},"end":{"line":59,"column":6}},{"start":{"line":59,"column":6},"end":{"line":59,"column":6}}]},"11":{"line":66,"type":"if","locations":[{"start":{"line":66,"column":8},"end":{"line":66,"column":8}},{"start":{"line":66,"column":8},"end":{"line":66,"column":8}}]},"12":{"line":74,"type":"if","locations":[{"start":{"line":74,"column":6},"end":{"line":74,"column":6}},{"start":{"line":74,"column":6},"end":{"line":74,"column":6}}]},"13":{"line":74,"type":"binary-expr","locations":[{"start":{"line":74,"column":10},"end":{"line":74,"column":57}},{"start":{"line":74,"column":61},"end":{"line":74,"column":87}}]},"14":{"line":95,"type":"if","locations":[{"start":{"line":95,"column":6},"end":{"line":95,"column":6}},{"start":{"line":95,"column":6},"end":{"line":95,"column":6}}]},"15":{"line":119,"type":"cond-expr","locations":[{"start":{"line":119,"column":55},"end":{"line":119,"column":67}},{"start":{"line":119,"column":70},"end":{"line":119,"column":74}}]},"16":{"line":120,"type":"cond-expr","locations":[{"start":{"line":120,"column":52},"end":{"line":120,"column":64}},{"start":{"line":120,"column":67},"end":{"line":120,"column":79}}]},"17":{"line":121,"type":"cond-expr","locations":[{"start":{"line":121,"column":58},"end":{"line":121,"column":59}},{"start":{"line":121,"column":62},"end":{"line":121,"column":63}}]},"18":{"line":123,"type":"if","locations":[{"start":{"line":123,"column":4},"end":{"line":123,"column":4}},{"start":{"line":123,"column":4},"end":{"line":123,"column":4}}]},"19":{"line":130,"type":"if","locations":[{"start":{"line":130,"column":6},"end":{"line":130,"column":6}},{"start":{"line":130,"column":6},"end":{"line":130,"column":6}}]},"20":{"line":135,"type":"if","locations":[{"start":{"line":135,"column":6},"end":{"line":135,"column":6}},{"start":{"line":135,"column":6},"end":{"line":135,"column":6}}]},"21":{"line":144,"type":"if","locations":[{"start":{"line":144,"column":8},"end":{"line":144,"column":8}},{"start":{"line":144,"column":8},"end":{"line":144,"column":8}}]},"22":{"line":159,"type":"if","locations":[{"start":{"line":159,"column":6},"end":{"line":159,"column":6}},{"start":{"line":159,"column":6},"end":{"line":159,"column":6}}]},"23":{"line":159,"type":"binary-expr","locations":[{"start":{"line":159,"column":10},"end":{"line":159,"column":57}},{"start":{"line":159,"column":61},"end":{"line":159,"column":87}}]},"24":{"line":181,"type":"if","locations":[{"start":{"line":181,"column":6},"end":{"line":181,"column":6}},{"start":{"line":181,"column":6},"end":{"line":181,"column":6}}]},"25":{"line":210,"type":"cond-expr","locations":[{"start":{"line":210,"column":53},"end":{"line":210,"column":58}},{"start":{"line":210,"column":61},"end":{"line":210,"column":70}}]},"26":{"line":214,"type":"if","locations":[{"start":{"line":214,"column":4},"end":{"line":214,"column":4}},{"start":{"line":214,"column":4},"end":{"line":214,"column":4}}]},"27":{"line":216,"type":"if","locations":[{"start":{"line":216,"column":6},"end":{"line":216,"column":6}},{"start":{"line":216,"column":6},"end":{"line":216,"column":6}}]},"28":{"line":222,"type":"if","locations":[{"start":{"line":222,"column":6},"end":{"line":222,"column":6}},{"start":{"line":222,"column":6},"end":{"line":222,"column":6}}]},"29":{"line":227,"type":"if","locations":[{"start":{"line":227,"column":6},"end":{"line":227,"column":6}},{"start":{"line":227,"column":6},"end":{"line":227,"column":6}}]},"30":{"line":229,"type":"if","locations":[{"start":{"line":229,"column":8},"end":{"line":229,"column":8}},{"start":{"line":229,"column":8},"end":{"line":229,"column":8}}]},"31":{"line":237,"type":"if","locations":[{"start":{"line":237,"column":4},"end":{"line":237,"column":4}},{"start":{"line":237,"column":4},"end":{"line":237,"column":4}}]},"32":{"line":246,"type":"if","locations":[{"start":{"line":246,"column":6},"end":{"line":246,"column":6}},{"start":{"line":246,"column":6},"end":{"line":246,"column":6}}]},"33":{"line":254,"type":"if","locations":[{"start":{"line":254,"column":6},"end":{"line":254,"column":6}},{"start":{"line":254,"column":6},"end":{"line":254,"column":6}}]},"34":{"line":262,"type":"cond-expr","locations":[{"start":{"line":262,"column":25},"end":{"line":262,"column":39}},{"start":{"line":262,"column":42},"end":{"line":262,"column":44}}]},"35":{"line":263,"type":"cond-expr","locations":[{"start":{"line":263,"column":29},"end":{"line":263,"column":43}},{"start":{"line":263,"column":46},"end":{"line":263,"column":48}}]},"36":{"line":280,"type":"if","locations":[{"start":{"line":280,"column":4},"end":{"line":280,"column":4}},{"start":{"line":280,"column":4},"end":{"line":280,"column":4}}]},"37":{"line":284,"type":"cond-expr","locations":[{"start":{"line":284,"column":27},"end":{"line":284,"column":65}},{"start":{"line":284,"column":68},"end":{"line":284,"column":94}}]},"38":{"line":288,"type":"if","locations":[{"start":{"line":288,"column":4},"end":{"line":288,"column":4}},{"start":{"line":288,"column":4},"end":{"line":288,"column":4}}]},"39":{"line":292,"type":"if","locations":[{"start":{"line":292,"column":4},"end":{"line":292,"column":4}},{"start":{"line":292,"column":4},"end":{"line":292,"column":4}}]},"40":{"line":294,"type":"if","locations":[{"start":{"line":294,"column":6},"end":{"line":294,"column":6}},{"start":{"line":294,"column":6},"end":{"line":294,"column":6}}]},"41":{"line":300,"type":"if","locations":[{"start":{"line":300,"column":6},"end":{"line":300,"column":6}},{"start":{"line":300,"column":6},"end":{"line":300,"column":6}}]},"42":{"line":310,"type":"if","locations":[{"start":{"line":310,"column":4},"end":{"line":310,"column":4}},{"start":{"line":310,"column":4},"end":{"line":310,"column":4}}]},"43":{"line":324,"type":"if","locations":[{"start":{"line":324,"column":4},"end":{"line":324,"column":4}},{"start":{"line":324,"column":4},"end":{"line":324,"column":4}}]},"44":{"line":326,"type":"if","locations":[{"start":{"line":326,"column":6},"end":{"line":326,"column":6}},{"start":{"line":326,"column":6},"end":{"line":326,"column":6}}]},"45":{"line":330,"type":"if","locations":[{"start":{"line":330,"column":6},"end":{"line":330,"column":6}},{"start":{"line":330,"column":6},"end":{"line":330,"column":6}}]},"46":{"line":332,"type":"if","locations":[{"start":{"line":332,"column":8},"end":{"line":332,"column":8}},{"start":{"line":332,"column":8},"end":{"line":332,"column":8}}]},"47":{"line":333,"type":"if","locations":[{"start":{"line":333,"column":10},"end":{"line":333,"column":10}},{"start":{"line":333,"column":10},"end":{"line":333,"column":10}}]},"48":{"line":344,"type":"if","locations":[{"start":{"line":344,"column":8},"end":{"line":344,"column":8}},{"start":{"line":344,"column":8},"end":{"line":344,"column":8}}]},"49":{"line":356,"type":"if","locations":[{"start":{"line":356,"column":4},"end":{"line":356,"column":4}},{"start":{"line":356,"column":4},"end":{"line":356,"column":4}}]},"50":{"line":361,"type":"if","locations":[{"start":{"line":361,"column":4},"end":{"line":361,"column":4}},{"start":{"line":361,"column":4},"end":{"line":361,"column":4}}]},"51":{"line":361,"type":"binary-expr","locations":[{"start":{"line":361,"column":8},"end":{"line":361,"column":17}},{"start":{"line":361,"column":21},"end":{"line":361,"column":28}}]},"52":{"line":364,"type":"if","locations":[{"start":{"line":364,"column":8},"end":{"line":364,"column":8}},{"start":{"line":364,"column":8},"end":{"line":364,"column":8}}]},"53":{"line":366,"type":"if","locations":[{"start":{"line":366,"column":15},"end":{"line":366,"column":15}},{"start":{"line":366,"column":15},"end":{"line":366,"column":15}}]},"54":{"line":382,"type":"if","locati
[...]
 string which works as a way to filter the theaters.","   * @param  {Function} cb            Callback function to run after generating an object of theaters.","   * @param  {number=}  [page=1]      Paginated page to pull theaters from. Hidden API, and is only used internally.","   * @param  {object=}  [theaters=[]] Currently generated theaters. Hidden API, and is only used internally.","   * @return void","   */","  getTheaters () {","    this.page = 1","    this.theaters = []","","    var query = (typeof arguments[0] !== 'function') ? arguments[0] : null","    var cb = (typeof arguments[0] === 'function') ? arguments[0] : arguments[1]","    var extraIdx = (typeof arguments[0] === 'function') ? 1 : 2","","    if (arguments.length > extraIdx) {","      this.page = arguments[extraIdx]","      this.theaters = arguments[extraIdx + 1]","    }","","    var api = this","    this._request({q: query}, cb, (response) => {","      if (api.lang === 'tr') {","        response = iconv.decode(response, 'latin5')","      }","","      var $ = cheerio.load(response)","      if ($('.theater').length === 0) {","        cb($('#results').text())","        return","      }","","      $('.theater').each((i, theater) => {","        var theaterData = api._parseTheater($, $(theater))","        if (theaterData.name.length === 0) {","          return true","        }","","        api.theaters.push(theaterData)","      })","","      // No pages to paginate, so return the theaters back.","      if ($('#navbar td a:contains(\"Next\")').length === 0 || api.page === api.pageLimit) {","        cb(null, api.theaters)","        return","      }","","      // Use the hidden API of getTheaters to pass in the next page and current theaters.","      api.getTheaters(query, cb, ++api.page, api.theaters)","    })","  }","","  /**","   * Parse and pull back a standardized object for a given movie.","   * @param  {string}   theaterId  Theater ID for the theater you want to query. This can be obtained via getTheaters(),","   *                               or getMovies()","   * @param  {Function} cb         Callback function to run after generating a standardized object for this theater.","   * @return {void}","   */","  getTheater (theaterId, cb) {","    var api = this","    this._request({tid: theaterId}, cb, (response) => {","      var $ = cheerio.load(response)","      if (!$('.showtimes')) {","        cb($('#results').text())","        return","      }","","      var theater = $('.theater')","      var theaterData = api._parseTheater($, theater, false, theaterId)","","      cb(null, theaterData)","    })","  }","","  /**","   * Parse and pull back an object of movies for the currently configured location and date.","   * @param  {string=}  query        Query string which works as a way to filter the movies.","   * @param  {Function} cb           Callback function to run after generating an object of movies.","   * @param  {number=}  [page=1]     Paginated page to pull movies from. Hidden API, and is only used internally.","   * @param  {object=}  [movies=[]]  Currently generated movies. Hidden API, and is only used internally.","   * @return void","   */","  getMovies () {","    this.page = 1","    this.movies = []","","    var query = (typeof arguments[0] !== 'function') ? arguments[0] : null","    var cb = (typeof arguments[0] === 'function') ? arguments[0] : arguments[1]","    var extraIdx = (typeof arguments[0] === 'function') ? 1 : 2","","    if (arguments.length > extraIdx) {","      this.page = arguments[extraIdx]","      this.movies = arguments[extraIdx + 1]","    }","","    var api = this","    this._request({sort: 1, q: query}, cb, (response) => {","      if (api.lang === 'tr') {","        response = iconv.decode(response, 'latin5')","      }","","      var $ = cheerio.load(response)","      if ($('.movie').length === 0) {","        cb($('#results').text())","        return","      }","","      var movieData","      $('.movie').each((i, movie) => {","        movie = $(movie)","        movieData = api._parseMovie($, movie, true)","        if (!movieData) {","          return","        }","","        delete movieData.showtimes","        movieData.theaters = []","","        movie.find('.showtimes .theater').each((j, theater) => {","          movieData.theaters.push(api._parseTheater($, $(theater), true))","        })","","        api.movies.push(movieData)","      })","","      // No pages to paginate, so return the movies back.","      if ($('#navbar td a:contains(\"Next\")').length === 0 || api.page === api.pageLimit) {","        cb(null, api.movies)","        return","      }","","      // Use the hidden API of getMovies to pass in the next page and current","      // movies.","      api.getMovies(query, cb, ++api.page, api.movies)","    })","  }","","  /**","   * Parse and pull back a standardized object for a given movie.","   * @param  {string}   movieId  Movie ID for the movie you want to query. This can be obtained via getTheaters(), or","   *                             getMovies()","   * @param  {Function} cb       Callback function to run after generating a standardized object for this movie.","   * @return {void}","   */","  getMovie (movieId, cb) {","    var api = this","    this._request({mid: movieId}, cb, (response) => {","      var $ = cheerio.load(response)","      if (!$('.showtimes')) {","        cb($('#results').text())","        return","      }","","      var movie = $('.movie')","      var movieData = api._parseMovie($, movie, true, movieId)","","      delete movieData.showtimes","      movieData.theaters = []","","      movie.find('.showtimes .theater').each((j, theater) => {","        movieData.theaters.push(api._parseTheater($, $(theater), true))","      })","","      cb(null, movieData)","    })","  }","","  /**","   * Parse theater information to generate a standardized response.","   * @param  {object}  $         Raw Cheerio object from a cheerio.load() call, used to parse movies for the given","   *                             theater.","   * @param  {object}  theater   Cheerio object for the theater that you want to parse.","   * @param  {boolean} alternate If you are parsing a theater from a \"movie sort\", pass true to use alternate scraper","   *                             logic.","   * @return {object}            Standardized response for the parsed theater.","   */","  _parseTheater ($, theater, alternate, theaterId) {","    alternate = (typeof alternate === 'undefined') ? false : alternate","","    var api = this","","    if (typeof theaterId === 'undefined') {","      var cloakedUrl","      if (alternate) {","        cloakedUrl = theater.find('.name a').attr('href')","      } else {","        cloakedUrl = theater.find('.desc h2.name a').attr('href')","      }","      // Get the ID from left links","      if (typeof cloakedUrl === 'undefined') {","        cloakedUrl = $('#left_nav .section a').attr('href')","      }","","      theaterId = null","      if (cloakedUrl) {","        cloakedUrl = qs.parse(url.parse(cloakedUrl).query)","        if (typeof cloakedUrl.tid !== 'undefined') {","          theaterId = cloakedUrl.tid","        }","      }","    }","","    var info = theater.find('.desc .info').text().split(' - ')","","    if (alternate) {","      var showtimes = api._parseShowtimes($, $(theater))","","      var theaterData = {","        id: theaterId,","        name: theater.find('.name').text(),","        address: theater.find('.address').text(),","        showtimes: showtimes.showtimes","      }","      if (showtimes.showtime_tickets) theaterData.showtime_tickets = showtimes.showtime_tickets","","      return theaterData","    }","","    var movies = []","    theater.find('.showtimes .movie').each((j, movie) => {","      movie = api._parseMovie($, $(movie))","      if (movie) {","        movies.push(movie)","      }","    })","","    return {","      id: theaterId,","      name: theater.find('.desc h2.name').text(),","      address: info[0] ? info[0].trim() : '',","      phoneNumber: info[1] ? info[1].trim() : '',","      movies: movies","    }","  }","","  /**","   * Parse movie information to generate a standardized response.","   * @param  {object}  $         Raw Cheerio object from a cheerio.load() call, used to parse movies for the given","   *                             theater.","   * @param  {object}  movie     Cheerio object for the movie that you want to parse.","   * @param  {boolean} alternate If you are parsing a movie from a \"movie sort\", pass true to use alternate scraper","   *                             logic.","   * @param  {string}  movieId   If calling this from getMovie(), this is a movie ID representation for the movie you are","   *                             parsing.","   * @return {object}            Standardized response for the parsed movie.","   */","  _parseMovie ($, movie, alternate, movieId) {","    if (typeof alternate === 'undefined') {","      alternate = false","    }","","    var name = alternate ? movie.find('h2[itemprop=name]').text() : movie.find('.name').text()","","    // If the movie doesn't have a name, then there's a good chance that the theater attached to this isn't showing","    // anything, so let's just not set a movie here.","    if (name === '') {","      return false","    }","","    if (typeof movieId === 'undefined') {","      var cloakedUrl","      if (alternate) {","        cloakedUrl = movie.find('.header .desc h2[itemprop=name] a').attr('href')","      } else {","        cloakedUrl = movie.find('.name a').attr('href')","      }","      // Get the Id from left links XD","      if (typeof cloakedUrl === 'undefined') {","        cloakedUrl = $('#left_nav .section a').attr('href')","      }","","      movieId = qs.parse(url.parse(cloakedUrl).query).mid","    }","","    // Movie info format: RUNTIME - RATING - GENRE - TRAILER - IMDB","    // Some movies don't have a rating, trailer, or IMDb pages, so we need to account for that.","    var info","    if (alternate) {","      // Genre and director data are separated by a line break instead of a hyphen, so hack a line break into the HTML","      // we have generated, so we can split that apart to grab the genre without adding a lot more complexity to the","      // process.","      var content = movie.find('.info').eq(-1).html()","      content = content.replace('<br>', ' - ')","      movie.find('.info').eq(-1).html(content)","","      info = movie.find('.info').eq(-1).text().split(' - ')","    } else {","      info = movie.find('.info').text().split(' - ')","    }","","    var runtime, rating, genre","    if (info[0].match(/(hr |min)/)) {","      runtime = this._removeNonAsciiCharacters(info[0].trim())","      if (!info[1]) {","        info[1] = ''","      }","","      if (info[1].match(/Rated/)) {","        rating = this._removeNonAsciiCharacters(info[1].replace(/Rated/, '').trim())","        if (typeof info[2] !== 'undefined') {","          if (info[2].match(/(IMDB|Trailer)/i)) {","            genre = []","          } else {","            genre = info[2].trim().split('/')","          }","        } else {","          genre = []","        }","      } else {","        rating = null","","        if (info[1].match(/(IMDB|Trailer)/i)) {","          genre = []","        } else {","          genre = info[1].trim().split('/')","        }","      }","    } else {","      runtime = null","      rating = null","      genre = [info[0].trim()]","    }","","    if (genre) {","      genre = this._removeNonAsciiCharacters(genre)","    }","","    // If we're running this from getMovie(), then let's grab some move fluff data on the movie.","    if (alternate && movieId) {","      var director, cast","      for (let x in info) {","        if (info[x].match(/Director:/)) {","          director = info[x].replace(/Director:/, '').trim()","        } else if (info[x].match(/Cast:/)) {","          cast = info[x].replace(/Cast:/, '').trim().split(', ')","        }","      }","","      // Longer descriptions can be split between two spans and displays a more/less link","      var description = movie.find('span[itemprop=\"description\"]').text()","      movie.find('#SynopsisSecond0').children().last().remove()","      description = description + movie.find('#SynopsisSecond0').text()","      description.replace('/\"/', '')","      description = description.trim()","    }","","    // The movie sort has a different formatting for showtimes, so if we're parsing that, handle it inside of","    // _getMovies() instead.","    var showtimes = { showtimes: [] }","    if (!alternate) {","      showtimes = this._parseShowtimes($, movie)","    }","","    var movieData = {","      id: movieId,","      name: name,","      runtime: runtime,","      rating: rating,","      genre: genre,","      imdb: this._parseImdb(movie),","      trailer: this._parseTrailer(movie),","      showtimes: showtimes.showtimes","    }","    if (showtimes.showtime_tickets) movieData.showtime_tickets = showtimes.showtime_tickets","","    if (alternate && movieId) {","      movieData.director = director","      movieData.cast = cast","      movieData.description = description","    }","","    return movieData","  }","","  /**","   * Take in a \"thing\", can be either a movie or a theater object (if you are using alternate logic for a getMovies","   * lookup), and parse movie showtimes for it.","   * @param  {object} $    Raw Cheerio object from a cheerio.load() call, used to parse movies for the given","   *                        theater.","   * @param  {object} movie Cheerio object for either the movie of theater that you want to parse showtimes for.","   * @return {array}        Sorted and parsed array of movie showtimes.","   */","  _parseShowtimes ($, thing) {","    var meridiem = false","    var response = {}","","    // Google displays showtimes like \"10:00  11:20am  1:00  2:20  4:00  5:10  6:50  8:10  9:40  10:55pm\". Since","    // they don't always apply am/pm to times, we need to run through the showtimes in reverse and then apply the","    // previous (later) meridiem to the next (earlier) movie showtime so we end up with something like","    // [\"10:00am\", \"11:20am\", \"1:00pm\", ...].","","    var getTime = function (raw_time) {","      var showtime = this._removeNonAsciiCharacters(raw_time).trim()","","      var match = showtime.match(/(am|pm)/)","      if (match) {","        meridiem = match[0]","      } else if (meridiem) {","        showtime += meridiem","      }","","      return showtime","    }","","    var target = thing.find('.times a.fl')","    var showtimes","    if (target.length === 0) {","      // No ticket urls available, process only showtimes","      showtimes = thing.find('.times').text().split(' ')","      response.showtimes = _.map(showtimes.reverse(), getTime.bind(this)).reverse()","    } else {","      // Ticket urls are available","      showtimes = target.map(function (i, el) {","        var tickets_url = url.parse($(el).attr('href'), true)","","        return {","          time: $(el).text(),","          url: tickets_url.query.q","        }","      }).get()","","      response.showtime_tickets = {}","      response.showtimes = _.map(showtimes.reverse(), function (item) {","        var time = getTime.bind(this)(item.time)","        response.showtime_tickets[time] = item.url","        return time","      }.bind(this)).reverse()","    }","","    return response","  }","","  /**","   * Parse movie information for a trailer URL.","   * @param  {object}       movie  Cheerio object for the movie that you want to parse.","   * @return {string|false}        Found trailer URL, or false if not.","   */","  _parseTrailer (movie) {","    if (movie.find('.info a:contains(\"Trailer\")').length) {","      var cloakedUrl = 'https://google.com' + movie.find('.info a:contains(\"Trailer\")').attr('href')","","      return qs.parse(url.parse(cloakedUrl).query).q","    }","","    return null","  }","","  /**","   * Parse movie information for an IMDB URL.","   * @param  {object}       movie  Cheerio object for the movie that you want to parse.","   * @return {string|false}        Found IMDB URL, or false if not.","   */","  _parseImdb (movie) {","    if (movie.find('.info a:contains(\"IMDb\")').length) {","      var cloakedUrl = 'https://google.com' + movie.find('.info a:contains(\"IMDb\")').attr('href')","","      return qs.parse(url.parse(cloakedUrl).query).q","    }","","    return null","  }","","  /**","   * Take in a mixed object (string or array) and return back a normalized string sans some non-ASCII characters that","   * cause problems (like some Turkish letters).","   * @param  {mixed} thing","   * @return {mixed}","   */","  _removeNonAsciiCharacters (thing) {","    if (typeof thing === 'object') {","      for (let x in thing) {","        thing[x] = thing[x].replace(/[^\\x00-\\x7F]/g, '')","      }","","      return thing","    }","","    return thing.replace(/[^\\x00-\\x7F]/g, '')","  }","","  /**","   * Make a request to the API endpoint.","   * @param  {object}   params  Parameters to send along in the query string.","   * @param  {Function} cb      Callback function to run for the API after processing a request.","   * @param  {Function} handler Callback function to handle a request and generate an object of data.","   * @return {void}","   */","  _request (params, cb, handler) {","    var query = {","      hl: this.lang,","      near: this.location,","      date: this.date,","      start: ((this.page - 1) * 10)","    }","","    for (let i in params) {","      query[i] = params[i]","    }","","    var options = {","      url: this.baseUrl,","      qs: query,","      headers: {","        'User-Agent': this.userAgent,","        'gzip': true","      },","      encoding: 'binary'","    }","","    request(options, (error, response, body) => {","      if (error || response.statusCode !== 200) {","        if (error === null) {","          cb('Unknown error occured while querying theater data from Google Movies.')","        } else {","          cb(error)","        }","","        return","      }","","      handler(body)","    })","  }","}","","module.exports = showtimes",""],"l":{"3":1,"4":1,"5":1,"6":1,"7":1,"8":1,"17":0,"18":0,"19":0,"22":0,"23":0,"26":0,"27":0,"28":0,"40":0,"41":0,"43":0,"44":0,"45":0,"47":0,"48":0,"49":0,"52":0,"53":0,"54":0,"55":0,"58":0,"59":0,"60":0,"61":0,"64":0,"65":0,"66":0,"67":0,"70":0,"74":0,"75":0,"76":0,"80":0,"92":0,"93":0,"94":0,"95":0,"96":0,"97":0,"100":0,"101":0,"103":0,"116":0,"117":0,"119":0,"120":0,"121":0,"123":0,"124":0,"125":0,"128":0,"129":0,"130":0,"131":0,"134":0,"135":0,"136":0,"137":0,"140":0,"141":0,"142":0,"143":0,"144":0,"145":0,"148":0,"149":0,"151":0,"152":0,"155":0,"159":0,"160":0,"161":0,"166":0,"178":0,"179":0,"180":0,"181":0,"182":0,"183":0,"186":0,"187":0,"189":0,"190":0,"192":0,"193":0,"196":0,"210":0,"212":0,"214":0,"215":0,"216":0,"217":0,"219":0,"222":0,"223":0,"226":0,"227":0,"228":0,"229":0,"230":0,"235":0,"237":0,"238":0,"240":0,"246":0,"248":0,"251":0,"252":0,"253":0,"254":0,"255":0,"259":0,"280":0,"281":0,"284":0,"288":0,"289":0,"292":0,"293":0,"294":0,"295":0,"297":0,"300":0,"301":0,"304":0,"309":0,"310":0,"314":0,"315":0,"316":0,"318":0,"320":0,"323":0,"324":0,"325":0,"326":0,"327":0,"330":0,"331":0,"332":0,"333":0,"334":0,"336":0,"339":0,"342":0,"344":0,"345":0,"347":0,"351":0,"352":0,"353":0,"356":0,"357":0,"361":0,"362":0,"363":0,"364":0,"365":0,"366":0,"367":0,"372":0,"373":0,"374":0,"375":0,"376":0,"381":0,"382":0,"383":0,"386":0,"396":0,"398":0,"399":0,"400":0,"401":0,"404":0,"416":0,"417":0,"424":0,"425":0,"427":0,"428":0,"429":0,"430":0,"431":0,"434":0,"437":0,"438":0,"439":0,"441":0,"442":0,"445":0,"446":0,"448":0,"454":0,"455":0,"456":0,"457":0,"458":0,"462":0,"471":0,"472":0,"474":0,"477":0,"486":0,"487":0,"489":0,"492":0,"502":0,"503":0,"504":0,"507":0,"510":0,"521":0,"528":0,"529":0,"532":0,"542":0,"543":0,"544":0,"545":0,"547":0,"550":0,"553":0,"558":1}}}